[ 2015-11-05T11:47:44+08:00 ] ::1 /think04/index.php/admin/user
ERR: Unknown database 'moonbasa'

[ 2015-11-05T16:22:10+08:00 ] ::1 /think04/Admin/User/ajaxName.html?name=sadasa%24%25%24%23
INFO: [ app_begin ] --START--
INFO: Run Behavior\ReadHtmlCacheBehavior [ RunTime:0.005429s ]
INFO: [ app_begin ] --END-- [ RunTime:0.023523s ]
SQL: SHOW COLUMNS FROM `s31_user` [ RunTime:0.010169s ]
SQL: SELECT * FROM `s31_user` WHERE ( `name` = 'sadasa$%$#' ) LIMIT 1   [ RunTime:0.013143s ]

[ 2015-11-05T16:22:32+08:00 ] ::1 /think04/Admin/User/ajaxName.html?name=SDAD%5E%24%23%24
INFO: [ app_begin ] --START--
INFO: Run Behavior\ReadHtmlCacheBehavior [ RunTime:0.010438s ]
INFO: [ app_begin ] --END-- [ RunTime:0.012340s ]
SQL: SHOW COLUMNS FROM `s31_user` [ RunTime:0.008830s ]
SQL: SELECT * FROM `s31_user` WHERE ( `name` = 'SDAD^$#$' ) LIMIT 1   [ RunTime:0.000672s ]

[ 2015-11-05T19:17:41+08:00 ] ::1 /think04/home/test
ERR: 非法操作:index

[ 2015-11-05T22:08:20+08:00 ] ::1 /think04/home/user
ERR: 无法加载控制器:User

[ 2015-11-05T22:10:24+08:00 ] ::1 /think04/Home/Test/data.html
INFO: [ app_begin ] --START--
INFO: Run Behavior\ReadHtmlCacheBehavior [ RunTime:0.001393s ]
INFO: [ app_begin ] --END-- [ RunTime:0.002105s ]
SQL: SHOW COLUMNS FROM `ju_cate` [ RunTime:0.029013s ]
SQL: SELECT * FROM `ju_cate`  [ RunTime:0.000433s ]
INFO: [ app_end ] --START--
INFO: Run Behavior\ShowPageTraceBehavior [ RunTime:0.001599s ]
INFO: [ app_end ] --END-- [ RunTime:0.001723s ]

[ 2015-11-05T22:33:02+08:00 ] ::1 /think04/Home/Test/ajaxName.html?id=1
INFO: [ app_begin ] --START--
INFO: Run Behavior\ReadHtmlCacheBehavior [ RunTime:0.001429s ]
INFO: [ app_begin ] --END-- [ RunTime:0.002120s ]
SQL: SHOW COLUMNS FROM `ju_cate` [ RunTime:0.006468s ]
SQL: SELECT * FROM `ju_cate` WHERE ( `pid` = 1 )  [ RunTime:0.000370s ]

[ 2015-11-05T22:33:09+08:00 ] ::1 /think04/Home/Test/ajaxName.html?id=2
INFO: [ app_begin ] --START--
INFO: Run Behavior\ReadHtmlCacheBehavior [ RunTime:0.001493s ]
INFO: [ app_begin ] --END-- [ RunTime:0.002492s ]
SQL: SHOW COLUMNS FROM `ju_cate` [ RunTime:0.005972s ]
SQL: SELECT * FROM `ju_cate` WHERE ( `pid` = 2 )  [ RunTime:0.000324s ]

[ 2015-11-05T22:36:51+08:00 ] ::1 /think04/Home/Test/ajaxName.html?id=1
INFO: [ app_begin ] --START--
INFO: Run Behavior\ReadHtmlCacheBehavior [ RunTime:0.001351s ]
INFO: [ app_begin ] --END-- [ RunTime:0.002047s ]
SQL: SHOW COLUMNS FROM `ju_cate` [ RunTime:0.006217s ]
SQL: SELECT * FROM `ju_cate` WHERE ( `pid` = 1 )  [ RunTime:0.000419s ]

[ 2015-11-05T22:37:42+08:00 ] ::1 /think04/Home/Test/ajaxName.html?id=1
INFO: [ app_begin ] --START--
INFO: Run Behavior\ReadHtmlCacheBehavior [ RunTime:0.001343s ]
INFO: [ app_begin ] --END-- [ RunTime:0.002032s ]
SQL: SHOW COLUMNS FROM `ju_cate` [ RunTime:0.006928s ]
SQL: SELECT * FROM `ju_cate` WHERE ( `pid` = 1 )  [ RunTime:0.000334s ]

[ 2015-11-05T22:39:29+08:00 ] ::1 /think04/Home/Test/ajaxName.html?id=2
INFO: [ app_begin ] --START--
INFO: Run Behavior\ReadHtmlCacheBehavior [ RunTime:0.001601s ]
INFO: [ app_begin ] --END-- [ RunTime:0.002527s ]
SQL: SHOW COLUMNS FROM `ju_cate` [ RunTime:0.016126s ]
SQL: SELECT * FROM `ju_cate` WHERE ( `pid` = 2 )  [ RunTime:0.000425s ]

[ 2015-11-05T22:40:54+08:00 ] ::1 /think04/Home/Test/ajaxName.html?id=2
INFO: [ app_begin ] --START--
INFO: Run Behavior\ReadHtmlCacheBehavior [ RunTime:0.002371s ]
INFO: [ app_begin ] --END-- [ RunTime:0.003511s ]
SQL: SHOW COLUMNS FROM `ju_cate` [ RunTime:0.006606s ]
SQL: SELECT * FROM `ju_cate` WHERE ( `pid` = 2 )  [ RunTime:0.000331s ]
INFO: [ app_end ] --START--
INFO: Run Behavior\ShowPageTraceBehavior [ RunTime:0.002922s ]
INFO: [ app_end ] --END-- [ RunTime:0.003018s ]

[ 2015-11-05T22:41:51+08:00 ] ::1 /think04/Home/Test/ajaxName.html?id=2
INFO: [ app_begin ] --START--
INFO: Run Behavior\ReadHtmlCacheBehavior [ RunTime:0.002482s ]
INFO: [ app_begin ] --END-- [ RunTime:0.003595s ]
SQL: SHOW COLUMNS FROM `ju_cate` [ RunTime:0.006350s ]
SQL: SELECT * FROM `ju_cate` WHERE ( `pid` = 2 )  [ RunTime:0.000392s ]

[ 2015-11-05T22:42:49+08:00 ] ::1 /think04/Home/Test/ajaxName.html?id=1
INFO: [ app_begin ] --START--
INFO: Run Behavior\ReadHtmlCacheBehavior [ RunTime:0.002615s ]
INFO: [ app_begin ] --END-- [ RunTime:0.004051s ]
SQL: SHOW COLUMNS FROM `ju_cate` [ RunTime:0.006448s ]
SQL: SELECT * FROM `ju_cate` WHERE ( `pid` = 1 )  [ RunTime:0.000332s ]

[ 2015-11-05T22:45:24+08:00 ] ::1 /think04/Home/Test/ajaxName.html?id=2
INFO: [ app_begin ] --START--
INFO: Run Behavior\ReadHtmlCacheBehavior [ RunTime:0.001783s ]
INFO: [ app_begin ] --END-- [ RunTime:0.002623s ]
SQL: SHOW COLUMNS FROM `ju_cate` [ RunTime:0.024560s ]
SQL: SELECT * FROM `ju_cate` WHERE ( `pid` = 2 )  [ RunTime:0.000547s ]

[ 2015-11-05T22:47:18+08:00 ] ::1 /think04/Home/Test/ajaxName.html?id=2
INFO: [ app_begin ] --START--
INFO: Run Behavior\ReadHtmlCacheBehavior [ RunTime:0.002326s ]
INFO: [ app_begin ] --END-- [ RunTime:0.003518s ]
SQL: SHOW COLUMNS FROM `ju_cate` [ RunTime:0.008974s ]
SQL: SELECT * FROM `ju_cate` WHERE ( `pid` = 2 )  [ RunTime:0.000470s ]

[ 2015-11-05T22:47:49+08:00 ] ::1 /think04/Home/Test/ajaxName.html?id=2
INFO: [ app_begin ] --START--
INFO: Run Behavior\ReadHtmlCacheBehavior [ RunTime:0.001710s ]
INFO: [ app_begin ] --END-- [ RunTime:0.002429s ]
SQL: SHOW COLUMNS FROM `ju_cate` [ RunTime:0.017457s ]
SQL: SELECT * FROM `ju_cate` WHERE ( `pid` = 2 )  [ RunTime:0.000409s ]

[ 2015-11-05T22:48:19+08:00 ] ::1 /think04/Home/Test/ajaxName.html?id=2
INFO: [ app_begin ] --START--
INFO: Run Behavior\ReadHtmlCacheBehavior [ RunTime:0.001547s ]
INFO: [ app_begin ] --END-- [ RunTime:0.002573s ]
SQL: SHOW COLUMNS FROM `ju_cate` [ RunTime:0.008705s ]
SQL: SELECT * FROM `ju_cate` WHERE ( `pid` = 2 )  [ RunTime:0.000570s ]

[ 2015-11-05T22:51:15+08:00 ] ::1 /think04/Home/Test/ajaxName.html?id=2
INFO: [ app_begin ] --START--
INFO: Run Behavior\ReadHtmlCacheBehavior [ RunTime:0.001681s ]
INFO: [ app_begin ] --END-- [ RunTime:0.002778s ]
SQL: SHOW COLUMNS FROM `ju_cate` [ RunTime:0.007505s ]
SQL: SELECT `name` FROM `ju_cate` WHERE ( `pid` = 2 )  [ RunTime:0.000305s ]

[ 2015-11-05T22:57:16+08:00 ] ::1 /think04/Home/Test/ajaxName.html?id=2
INFO: [ app_begin ] --START--
INFO: Run Behavior\ReadHtmlCacheBehavior [ RunTime:0.002271s ]
INFO: [ app_begin ] --END-- [ RunTime:0.003439s ]
SQL: SHOW COLUMNS FROM `ju_cate` [ RunTime:0.008548s ]
SQL: SELECT `name` FROM `ju_cate` WHERE ( `pid` = 2 )  [ RunTime:0.000501s ]

[ 2015-11-05T23:02:46+08:00 ] ::1 /think04/Home/Test/ajaxName.html?id=1
INFO: [ app_begin ] --START--
INFO: Run Behavior\ReadHtmlCacheBehavior [ RunTime:0.001786s ]
INFO: [ app_begin ] --END-- [ RunTime:0.002949s ]
SQL: SHOW COLUMNS FROM `ju_cate` [ RunTime:0.006282s ]
SQL: SELECT `name` FROM `ju_cate` WHERE ( `pid` = 1 )  [ RunTime:0.000388s ]

[ 2015-11-05T23:03:35+08:00 ] ::1 /think04/Home/Test/ajaxName.html?id=1
INFO: [ app_begin ] --START--
INFO: Run Behavior\ReadHtmlCacheBehavior [ RunTime:0.001752s ]
INFO: [ app_begin ] --END-- [ RunTime:0.002904s ]
SQL: SHOW COLUMNS FROM `ju_cate` [ RunTime:0.005958s ]
SQL: SELECT `name` FROM `ju_cate` WHERE ( `pid` = 1 )  [ RunTime:0.000368s ]

[ 2015-11-05T23:06:06+08:00 ] ::1 /think04/Home/Test/ajaxName.html?id=2
INFO: [ app_begin ] --START--
INFO: Run Behavior\ReadHtmlCacheBehavior [ RunTime:0.001382s ]
INFO: [ app_begin ] --END-- [ RunTime:0.002081s ]
SQL: SHOW COLUMNS FROM `ju_cate` [ RunTime:0.006275s ]
SQL: SELECT `name` FROM `ju_cate` WHERE ( `pid` = 2 )  [ RunTime:0.000409s ]

