[ 2015-11-11T11:11:37+08:00 ] ::1 /think04/home
ERR: 无法加载控制器:Index

[ 2015-11-11T11:13:29+08:00 ] ::1 /think04/home/%E5%AE%9E%E6%88%98%E5%BC%80%E5%8F%91%E8%AF%BE%E7%A8%8B_IT%E5%9F%B9%E8%AE%AD%E7%B2%BE%E5%93%81%E8%AF%BE%E7%A8%8B_%E6%85%95%E8%AF%BE%E7%BD%91_files/h.js
ERR: 无法加载控制器:实战开发课程_IT培训精品课程_慕课网_files

[ 2015-11-11T11:21:57+08:00 ] ::1 /think04/home/%E5%AE%9E%E6%88%98%E5%BC%80%E5%8F%91%E8%AF%BE%E7%A8%8B_IT%E5%9F%B9%E8%AE%AD%E7%B2%BE%E5%93%81%E8%AF%BE%E7%A8%8B_%E6%85%95%E8%AF%BE%E7%BD%91_files/h.js
ERR: 无法加载控制器:实战开发课程_IT培训精品课程_慕课网_files

[ 2015-11-11T11:50:23+08:00 ] ::1 /think04/home/%E5%AE%9E%E6%88%98%E5%BC%80%E5%8F%91%E8%AF%BE%E7%A8%8B_IT%E5%9F%B9%E8%AE%AD%E7%B2%BE%E5%93%81%E8%AF%BE%E7%A8%8B_%E6%85%95%E8%AF%BE%E7%BD%91_files/h.js
ERR: 无法加载控制器:实战开发课程_IT培训精品课程_慕课网_files

[ 2015-11-11T14:10:28+08:00 ] ::1 /think04/home/%E5%AE%9E%E6%88%98%E5%BC%80%E5%8F%91%E8%AF%BE%E7%A8%8B_IT%E5%9F%B9%E8%AE%AD%E7%B2%BE%E5%93%81%E8%AF%BE%E7%A8%8B_%E6%85%95%E8%AF%BE%E7%BD%91_files/h.js
ERR: 无法加载控制器:实战开发课程_IT培训精品课程_慕课网_files

[ 2015-11-11T14:11:10+08:00 ] ::1 /think04/home/%E5%AE%9E%E6%88%98%E5%BC%80%E5%8F%91%E8%AF%BE%E7%A8%8B_IT%E5%9F%B9%E8%AE%AD%E7%B2%BE%E5%93%81%E8%AF%BE%E7%A8%8B_%E6%85%95%E8%AF%BE%E7%BD%91_files/h.js
ERR: 无法加载控制器:实战开发课程_IT培训精品课程_慕课网_files

[ 2015-11-11T14:11:14+08:00 ] ::1 /think04/home/%E5%AE%9E%E6%88%98%E5%BC%80%E5%8F%91%E8%AF%BE%E7%A8%8B_IT%E5%9F%B9%E8%AE%AD%E7%B2%BE%E5%93%81%E8%AF%BE%E7%A8%8B_%E6%85%95%E8%AF%BE%E7%BD%91_files/%E5%AE%9E%E6%88%98%E5%BC%80%E5%8F%91%E8%AF%BE%E7%A8%8B_IT%E5%9F%B9%E8%AE%AD%E7%B2%BE%E5%93%81%E8%AF%BE%E7%A8%8B_%E6%85%95%E8%AF%BE%E7%BD%91.html
ERR: 无法加载控制器:实战开发课程_IT培训精品课程_慕课网_files

[ 2015-11-11T14:11:41+08:00 ] ::1 /think04/home/%E5%AE%9E%E6%88%98%E5%BC%80%E5%8F%91%E8%AF%BE%E7%A8%8B_IT%E5%9F%B9%E8%AE%AD%E7%B2%BE%E5%93%81%E8%AF%BE%E7%A8%8B_%E6%85%95%E8%AF%BE%E7%BD%91_files/h.js
ERR: 无法加载控制器:实战开发课程_IT培训精品课程_慕课网_files

[ 2015-11-11T14:11:43+08:00 ] ::1 /think04/home/%E5%AE%9E%E6%88%98%E5%BC%80%E5%8F%91%E8%AF%BE%E7%A8%8B_IT%E5%9F%B9%E8%AE%AD%E7%B2%BE%E5%93%81%E8%AF%BE%E7%A8%8B_%E6%85%95%E8%AF%BE%E7%BD%91_files/h.js
ERR: 无法加载控制器:实战开发课程_IT培训精品课程_慕课网_files

[ 2015-11-11T14:15:43+08:00 ] ::1 /think04/home/%E5%AE%9E%E6%88%98%E5%BC%80%E5%8F%91%E8%AF%BE%E7%A8%8B_IT%E5%9F%B9%E8%AE%AD%E7%B2%BE%E5%93%81%E8%AF%BE%E7%A8%8B_%E6%85%95%E8%AF%BE%E7%BD%91_files/h.js
ERR: 无法加载控制器:实战开发课程_IT培训精品课程_慕课网_files

[ 2015-11-11T14:15:45+08:00 ] ::1 /think04/home/%E5%AE%9E%E6%88%98%E5%BC%80%E5%8F%91%E8%AF%BE%E7%A8%8B_IT%E5%9F%B9%E8%AE%AD%E7%B2%BE%E5%93%81%E8%AF%BE%E7%A8%8B_%E6%85%95%E8%AF%BE%E7%BD%91_files/h.js
ERR: 无法加载控制器:实战开发课程_IT培训精品课程_慕课网_files

[ 2015-11-11T14:15:46+08:00 ] ::1 /think04/home/%E5%AE%9E%E6%88%98%E5%BC%80%E5%8F%91%E8%AF%BE%E7%A8%8B_IT%E5%9F%B9%E8%AE%AD%E7%B2%BE%E5%93%81%E8%AF%BE%E7%A8%8B_%E6%85%95%E8%AF%BE%E7%BD%91_files/h.js
ERR: 无法加载控制器:实战开发课程_IT培训精品课程_慕课网_files

[ 2015-11-11T14:15:47+08:00 ] ::1 /think04/home/%E5%AE%9E%E6%88%98%E5%BC%80%E5%8F%91%E8%AF%BE%E7%A8%8B_IT%E5%9F%B9%E8%AE%AD%E7%B2%BE%E5%93%81%E8%AF%BE%E7%A8%8B_%E6%85%95%E8%AF%BE%E7%BD%91_files/h.js
ERR: 无法加载控制器:实战开发课程_IT培训精品课程_慕课网_files

[ 2015-11-11T14:15:49+08:00 ] ::1 /think04/home/%E5%AE%9E%E6%88%98%E5%BC%80%E5%8F%91%E8%AF%BE%E7%A8%8B_IT%E5%9F%B9%E8%AE%AD%E7%B2%BE%E5%93%81%E8%AF%BE%E7%A8%8B_%E6%85%95%E8%AF%BE%E7%BD%91_files/h.js
ERR: 无法加载控制器:实战开发课程_IT培训精品课程_慕课网_files

[ 2015-11-11T14:15:49+08:00 ] ::1 /think04/home/%E5%AE%9E%E6%88%98%E5%BC%80%E5%8F%91%E8%AF%BE%E7%A8%8B_IT%E5%9F%B9%E8%AE%AD%E7%B2%BE%E5%93%81%E8%AF%BE%E7%A8%8B_%E6%85%95%E8%AF%BE%E7%BD%91_files/h.js
ERR: 无法加载控制器:实战开发课程_IT培训精品课程_慕课网_files

[ 2015-11-11T14:18:24+08:00 ] ::1 /think04/home/%E5%AE%9E%E6%88%98%E5%BC%80%E5%8F%91%E8%AF%BE%E7%A8%8B_IT%E5%9F%B9%E8%AE%AD%E7%B2%BE%E5%93%81%E8%AF%BE%E7%A8%8B_%E6%85%95%E8%AF%BE%E7%BD%91_files/h.js
ERR: 无法加载控制器:实战开发课程_IT培训精品课程_慕课网_files

[ 2015-11-11T14:18:28+08:00 ] ::1 /think04/home/%E5%AE%9E%E6%88%98%E5%BC%80%E5%8F%91%E8%AF%BE%E7%A8%8B_IT%E5%9F%B9%E8%AE%AD%E7%B2%BE%E5%93%81%E8%AF%BE%E7%A8%8B_%E6%85%95%E8%AF%BE%E7%BD%91_files/h.js
ERR: 无法加载控制器:实战开发课程_IT培训精品课程_慕课网_files

[ 2015-11-11T14:18:37+08:00 ] ::1 /think04/Home/Course/list/fx_id/1.html
ERR: 非法操作:list

[ 2015-11-11T14:28:53+08:00 ] ::1 /think04/
ERR: 无法加载控制器:Index

[ 2015-11-11T14:29:02+08:00 ] ::1 /think04/home/%E5%AE%9E%E6%88%98%E5%BC%80%E5%8F%91%E8%AF%BE%E7%A8%8B_IT%E5%9F%B9%E8%AE%AD%E7%B2%BE%E5%93%81%E8%AF%BE%E7%A8%8B_%E6%85%95%E8%AF%BE%E7%BD%91_files/h.js
ERR: 无法加载控制器:实战开发课程_IT培训精品课程_慕课网_files

[ 2015-11-11T14:45:11+08:00 ] ::1 /think04/home/%E5%AE%9E%E6%88%98%E5%BC%80%E5%8F%91%E8%AF%BE%E7%A8%8B_IT%E5%9F%B9%E8%AE%AD%E7%B2%BE%E5%93%81%E8%AF%BE%E7%A8%8B_%E6%85%95%E8%AF%BE%E7%BD%91_files/h.js
ERR: 无法加载控制器:实战开发课程_IT培训精品课程_慕课网_files

[ 2015-11-11T15:06:00+08:00 ] ::1 /think04/home/%E5%AE%9E%E6%88%98%E5%BC%80%E5%8F%91%E8%AF%BE%E7%A8%8B_IT%E5%9F%B9%E8%AE%AD%E7%B2%BE%E5%93%81%E8%AF%BE%E7%A8%8B_%E6%85%95%E8%AF%BE%E7%BD%91_files/h.js
ERR: 无法加载控制器:实战开发课程_IT培训精品课程_慕课网_files

[ 2015-11-11T15:13:40+08:00 ] ::1 /think04/home/%E5%AE%9E%E6%88%98%E5%BC%80%E5%8F%91%E8%AF%BE%E7%A8%8B_IT%E5%9F%B9%E8%AE%AD%E7%B2%BE%E5%93%81%E8%AF%BE%E7%A8%8B_%E6%85%95%E8%AF%BE%E7%BD%91_files/h.js
ERR: 无法加载控制器:实战开发课程_IT培训精品课程_慕课网_files

[ 2015-11-11T15:15:30+08:00 ] ::1 /think04/Home/Course/%E5%AE%9E%E6%88%98%E5%BC%80%E5%8F%91%E8%AF%BE%E7%A8%8B_IT%E5%9F%B9%E8%AE%AD%E7%B2%BE%E5%93%81%E8%AF%BE%E7%A8%8B_%E6%85%95%E8%AF%BE%E7%BD%91_files/h.js
ERR: 非法操作:实战开发课程_IT培训精品课程_慕课网_files

[ 2015-11-11T15:15:39+08:00 ] ::1 /think04/Home/%E5%AE%9E%E6%88%98%E5%BC%80%E5%8F%91%E8%AF%BE%E7%A8%8B_IT%E5%9F%B9%E8%AE%AD%E7%B2%BE%E5%93%81%E8%AF%BE%E7%A8%8B_%E6%85%95%E8%AF%BE%E7%BD%91_files/h.js
ERR: 无法加载控制器:实战开发课程_IT培训精品课程_慕课网_files

[ 2015-11-11T15:19:06+08:00 ] ::1 /think04/Home/Course/%E5%AE%9E%E6%88%98%E5%BC%80%E5%8F%91%E8%AF%BE%E7%A8%8B_IT%E5%9F%B9%E8%AE%AD%E7%B2%BE%E5%93%81%E8%AF%BE%E7%A8%8B_%E6%85%95%E8%AF%BE%E7%BD%91_files/h.js
ERR: 非法操作:实战开发课程_IT培训精品课程_慕课网_files

[ 2015-11-11T15:19:20+08:00 ] ::1 /think04/Home/Course/%E5%AE%9E%E6%88%98%E5%BC%80%E5%8F%91%E8%AF%BE%E7%A8%8B_IT%E5%9F%B9%E8%AE%AD%E7%B2%BE%E5%93%81%E8%AF%BE%E7%A8%8B_%E6%85%95%E8%AF%BE%E7%BD%91_files/h.js
ERR: 非法操作:实战开发课程_IT培训精品课程_慕课网_files

[ 2015-11-11T15:22:12+08:00 ] ::1 /think04/Home/%E5%AE%9E%E6%88%98%E5%BC%80%E5%8F%91%E8%AF%BE%E7%A8%8B_IT%E5%9F%B9%E8%AE%AD%E7%B2%BE%E5%93%81%E8%AF%BE%E7%A8%8B_%E6%85%95%E8%AF%BE%E7%BD%91_files/h.js
ERR: 无法加载控制器:实战开发课程_IT培训精品课程_慕课网_files

[ 2015-11-11T15:22:39+08:00 ] ::1 /think04/Home/%E5%AE%9E%E6%88%98%E5%BC%80%E5%8F%91%E8%AF%BE%E7%A8%8B_IT%E5%9F%B9%E8%AE%AD%E7%B2%BE%E5%93%81%E8%AF%BE%E7%A8%8B_%E6%85%95%E8%AF%BE%E7%BD%91_files/h.js
ERR: 无法加载控制器:实战开发课程_IT培训精品课程_慕课网_files

[ 2015-11-11T15:25:57+08:00 ] ::1 /think04/Home/Course/%E5%AE%9E%E6%88%98%E5%BC%80%E5%8F%91%E8%AF%BE%E7%A8%8B_IT%E5%9F%B9%E8%AE%AD%E7%B2%BE%E5%93%81%E8%AF%BE%E7%A8%8B_%E6%85%95%E8%AF%BE%E7%BD%91_files/h.js
ERR: 非法操作:实战开发课程_IT培训精品课程_慕课网_files

[ 2015-11-11T15:30:10+08:00 ] ::1 /think04/Home/Course/%E5%AE%9E%E6%88%98%E5%BC%80%E5%8F%91%E8%AF%BE%E7%A8%8B_IT%E5%9F%B9%E8%AE%AD%E7%B2%BE%E5%93%81%E8%AF%BE%E7%A8%8B_%E6%85%95%E8%AF%BE%E7%BD%91_files/h.js
ERR: 非法操作:实战开发课程_IT培训精品课程_慕课网_files

[ 2015-11-11T15:32:23+08:00 ] ::1 /think04/Home/Course/%E5%AE%9E%E6%88%98%E5%BC%80%E5%8F%91%E8%AF%BE%E7%A8%8B_IT%E5%9F%B9%E8%AE%AD%E7%B2%BE%E5%93%81%E8%AF%BE%E7%A8%8B_%E6%85%95%E8%AF%BE%E7%BD%91_files/h.js
ERR: 非法操作:实战开发课程_IT培训精品课程_慕课网_files

[ 2015-11-11T16:04:56+08:00 ] ::1 /think04/
ERR: 无法加载控制器:Index

[ 2015-11-11T16:05:53+08:00 ] ::1 /think04/home/%E5%AE%9E%E6%88%98%E5%BC%80%E5%8F%91%E8%AF%BE%E7%A8%8B_IT%E5%9F%B9%E8%AE%AD%E7%B2%BE%E5%93%81%E8%AF%BE%E7%A8%8B_%E6%85%95%E8%AF%BE%E7%BD%91_files/h.js
ERR: 无法加载控制器:实战开发课程_IT培训精品课程_慕课网_files

[ 2015-11-11T16:05:59+08:00 ] ::1 /think04/Home/Course/index/ca_id/6.html
ERR: 错误的查询条件:[pid=>0]

[ 2015-11-11T16:08:50+08:00 ] ::1 /think04/Home/%E5%AE%9E%E6%88%98%E5%BC%80%E5%8F%91%E8%AF%BE%E7%A8%8B_IT%E5%9F%B9%E8%AE%AD%E7%B2%BE%E5%93%81%E8%AF%BE%E7%A8%8B_%E6%85%95%E8%AF%BE%E7%BD%91_files/h.js
ERR: 无法加载控制器:实战开发课程_IT培训精品课程_慕课网_files

[ 2015-11-11T16:43:42+08:00 ] ::1 /think04/Home/Course/%E5%AE%9E%E6%88%98%E5%BC%80%E5%8F%91%E8%AF%BE%E7%A8%8B_IT%E5%9F%B9%E8%AE%AD%E7%B2%BE%E5%93%81%E8%AF%BE%E7%A8%8B_%E6%85%95%E8%AF%BE%E7%BD%91_files/h.js
ERR: 非法操作:实战开发课程_IT培训精品课程_慕课网_files

[ 2015-11-11T16:46:00+08:00 ] ::1 /think04/Home/Course/%E5%AE%9E%E6%88%98%E5%BC%80%E5%8F%91%E8%AF%BE%E7%A8%8B_IT%E5%9F%B9%E8%AE%AD%E7%B2%BE%E5%93%81%E8%AF%BE%E7%A8%8B_%E6%85%95%E8%AF%BE%E7%BD%91_files/h.js
ERR: 非法操作:实战开发课程_IT培训精品课程_慕课网_files

[ 2015-11-11T16:47:40+08:00 ] ::1 /think04/Home/Coursel
ERR: 无法加载控制器:Coursel

[ 2015-11-11T16:47:44+08:00 ] ::1 /think04/Home/%E5%AE%9E%E6%88%98%E5%BC%80%E5%8F%91%E8%AF%BE%E7%A8%8B_IT%E5%9F%B9%E8%AE%AD%E7%B2%BE%E5%93%81%E8%AF%BE%E7%A8%8B_%E6%85%95%E8%AF%BE%E7%BD%91_files/h.js
ERR: 无法加载控制器:实战开发课程_IT培训精品课程_慕课网_files

[ 2015-11-11T16:48:02+08:00 ] ::1 /think04/Home/%E5%AE%9E%E6%88%98%E5%BC%80%E5%8F%91%E8%AF%BE%E7%A8%8B_IT%E5%9F%B9%E8%AE%AD%E7%B2%BE%E5%93%81%E8%AF%BE%E7%A8%8B_%E6%85%95%E8%AF%BE%E7%BD%91_files/h.js
ERR: 无法加载控制器:实战开发课程_IT培训精品课程_慕课网_files

[ 2015-11-11T17:59:42+08:00 ] ::1 /think04/Home/Course/%E5%AE%9E%E6%88%98%E5%BC%80%E5%8F%91%E8%AF%BE%E7%A8%8B_IT%E5%9F%B9%E8%AE%AD%E7%B2%BE%E5%93%81%E8%AF%BE%E7%A8%8B_%E6%85%95%E8%AF%BE%E7%BD%91_files/h.js
ERR: 非法操作:实战开发课程_IT培训精品课程_慕课网_files

[ 2015-11-11T18:02:28+08:00 ] ::1 /think04/Home/Course/%E5%AE%9E%E6%88%98%E5%BC%80%E5%8F%91%E8%AF%BE%E7%A8%8B_IT%E5%9F%B9%E8%AE%AD%E7%B2%BE%E5%93%81%E8%AF%BE%E7%A8%8B_%E6%85%95%E8%AF%BE%E7%BD%91_files/h.js
ERR: 非法操作:实战开发课程_IT培训精品课程_慕课网_files

[ 2015-11-11T18:43:59+08:00 ] ::1 /think04/Home/Course/%E5%AE%9E%E6%88%98%E5%BC%80%E5%8F%91%E8%AF%BE%E7%A8%8B_IT%E5%9F%B9%E8%AE%AD%E7%B2%BE%E5%93%81%E8%AF%BE%E7%A8%8B_%E6%85%95%E8%AF%BE%E7%BD%91_files/h.js
ERR: 非法操作:实战开发课程_IT培训精品课程_慕课网_files

[ 2015-11-11T18:44:14+08:00 ] ::1 /think04/Home/Course/%E5%AE%9E%E6%88%98%E5%BC%80%E5%8F%91%E8%AF%BE%E7%A8%8B_IT%E5%9F%B9%E8%AE%AD%E7%B2%BE%E5%93%81%E8%AF%BE%E7%A8%8B_%E6%85%95%E8%AF%BE%E7%BD%91_files/h.js
ERR: 非法操作:实战开发课程_IT培训精品课程_慕课网_files

[ 2015-11-11T18:46:20+08:00 ] ::1 /think04/Home/Course/%E5%AE%9E%E6%88%98%E5%BC%80%E5%8F%91%E8%AF%BE%E7%A8%8B_IT%E5%9F%B9%E8%AE%AD%E7%B2%BE%E5%93%81%E8%AF%BE%E7%A8%8B_%E6%85%95%E8%AF%BE%E7%BD%91_files/h.js
ERR: 非法操作:实战开发课程_IT培训精品课程_慕课网_files

[ 2015-11-11T19:13:33+08:00 ] ::1 /think04/Home/Course/%E5%AE%9E%E6%88%98%E5%BC%80%E5%8F%91%E8%AF%BE%E7%A8%8B_IT%E5%9F%B9%E8%AE%AD%E7%B2%BE%E5%93%81%E8%AF%BE%E7%A8%8B_%E6%85%95%E8%AF%BE%E7%BD%91_files/h.js
ERR: 非法操作:实战开发课程_IT培训精品课程_慕课网_files

[ 2015-11-11T19:13:41+08:00 ] ::1 /think04/Home/Course/%E5%AE%9E%E6%88%98%E5%BC%80%E5%8F%91%E8%AF%BE%E7%A8%8B_IT%E5%9F%B9%E8%AE%AD%E7%B2%BE%E5%93%81%E8%AF%BE%E7%A8%8B_%E6%85%95%E8%AF%BE%E7%BD%91_files/h.js
ERR: 非法操作:实战开发课程_IT培训精品课程_慕课网_files

[ 2015-11-11T19:17:16+08:00 ] ::1 /think04/Home/Course/%E5%AE%9E%E6%88%98%E5%BC%80%E5%8F%91%E8%AF%BE%E7%A8%8B_IT%E5%9F%B9%E8%AE%AD%E7%B2%BE%E5%93%81%E8%AF%BE%E7%A8%8B_%E6%85%95%E8%AF%BE%E7%BD%91_files/h.js
ERR: 非法操作:实战开发课程_IT培训精品课程_慕课网_files

[ 2015-11-11T19:57:22+08:00 ] ::1 /think04/Home/Course/%E5%AE%9E%E6%88%98%E5%BC%80%E5%8F%91%E8%AF%BE%E7%A8%8B_IT%E5%9F%B9%E8%AE%AD%E7%B2%BE%E5%93%81%E8%AF%BE%E7%A8%8B_%E6%85%95%E8%AF%BE%E7%BD%91_files/h.js
ERR: 非法操作:实战开发课程_IT培训精品课程_慕课网_files

[ 2015-11-11T19:59:05+08:00 ] ::1 /think04/Home/Course/%E5%AE%9E%E6%88%98%E5%BC%80%E5%8F%91%E8%AF%BE%E7%A8%8B_IT%E5%9F%B9%E8%AE%AD%E7%B2%BE%E5%93%81%E8%AF%BE%E7%A8%8B_%E6%85%95%E8%AF%BE%E7%BD%91_files/h.js
ERR: 非法操作:实战开发课程_IT培训精品课程_慕课网_files

[ 2015-11-11T20:02:19+08:00 ] ::1 /think04/Home/Course/%E5%AE%9E%E6%88%98%E5%BC%80%E5%8F%91%E8%AF%BE%E7%A8%8B_IT%E5%9F%B9%E8%AE%AD%E7%B2%BE%E5%93%81%E8%AF%BE%E7%A8%8B_%E6%85%95%E8%AF%BE%E7%BD%91_files/h.js
ERR: 非法操作:实战开发课程_IT培训精品课程_慕课网_files

[ 2015-11-11T20:02:23+08:00 ] ::1 /think04/Home/Course/%E5%AE%9E%E6%88%98%E5%BC%80%E5%8F%91%E8%AF%BE%E7%A8%8B_IT%E5%9F%B9%E8%AE%AD%E7%B2%BE%E5%93%81%E8%AF%BE%E7%A8%8B_%E6%85%95%E8%AF%BE%E7%BD%91_files/h.js
ERR: 非法操作:实战开发课程_IT培训精品课程_慕课网_files

[ 2015-11-11T20:03:58+08:00 ] ::1 /think04/Home/Course/%E5%AE%9E%E6%88%98%E5%BC%80%E5%8F%91%E8%AF%BE%E7%A8%8B_IT%E5%9F%B9%E8%AE%AD%E7%B2%BE%E5%93%81%E8%AF%BE%E7%A8%8B_%E6%85%95%E8%AF%BE%E7%BD%91_files/h.js
ERR: 非法操作:实战开发课程_IT培训精品课程_慕课网_files

[ 2015-11-11T20:04:08+08:00 ] ::1 /think04/Home/Course/%E5%AE%9E%E6%88%98%E5%BC%80%E5%8F%91%E8%AF%BE%E7%A8%8B_IT%E5%9F%B9%E8%AE%AD%E7%B2%BE%E5%93%81%E8%AF%BE%E7%A8%8B_%E6%85%95%E8%AF%BE%E7%BD%91_files/h.js
ERR: 非法操作:实战开发课程_IT培训精品课程_慕课网_files

[ 2015-11-11T20:04:21+08:00 ] ::1 /think04/Home/Course/%E5%AE%9E%E6%88%98%E5%BC%80%E5%8F%91%E8%AF%BE%E7%A8%8B_IT%E5%9F%B9%E8%AE%AD%E7%B2%BE%E5%93%81%E8%AF%BE%E7%A8%8B_%E6%85%95%E8%AF%BE%E7%BD%91_files/h.js
ERR: 非法操作:实战开发课程_IT培训精品课程_慕课网_files

[ 2015-11-11T20:11:24+08:00 ] ::1 /think04/Home/Course/%E5%AE%9E%E6%88%98%E5%BC%80%E5%8F%91%E8%AF%BE%E7%A8%8B_IT%E5%9F%B9%E8%AE%AD%E7%B2%BE%E5%93%81%E8%AF%BE%E7%A8%8B_%E6%85%95%E8%AF%BE%E7%BD%91_files/h.js
ERR: 非法操作:实战开发课程_IT培训精品课程_慕课网_files

[ 2015-11-11T20:11:35+08:00 ] ::1 /think04/Home/Course/%E5%AE%9E%E6%88%98%E5%BC%80%E5%8F%91%E8%AF%BE%E7%A8%8B_IT%E5%9F%B9%E8%AE%AD%E7%B2%BE%E5%93%81%E8%AF%BE%E7%A8%8B_%E6%85%95%E8%AF%BE%E7%BD%91_files/h.js
ERR: 非法操作:实战开发课程_IT培训精品课程_慕课网_files

[ 2015-11-11T20:36:17+08:00 ] ::1 /think04/Home/Course/%E5%AE%9E%E6%88%98%E5%BC%80%E5%8F%91%E8%AF%BE%E7%A8%8B_IT%E5%9F%B9%E8%AE%AD%E7%B2%BE%E5%93%81%E8%AF%BE%E7%A8%8B_%E6%85%95%E8%AF%BE%E7%BD%91_files/h.js
ERR: 非法操作:实战开发课程_IT培训精品课程_慕课网_files

[ 2015-11-11T20:36:55+08:00 ] ::1 /think04/Home/Course/%E5%AE%9E%E6%88%98%E5%BC%80%E5%8F%91%E8%AF%BE%E7%A8%8B_IT%E5%9F%B9%E8%AE%AD%E7%B2%BE%E5%93%81%E8%AF%BE%E7%A8%8B_%E6%85%95%E8%AF%BE%E7%BD%91_files/h.js
ERR: 非法操作:实战开发课程_IT培训精品课程_慕课网_files

[ 2015-11-11T21:43:10+08:00 ] ::1 /think04/Home/Course/%E5%AE%9E%E6%88%98%E5%BC%80%E5%8F%91%E8%AF%BE%E7%A8%8B_IT%E5%9F%B9%E8%AE%AD%E7%B2%BE%E5%93%81%E8%AF%BE%E7%A8%8B_%E6%85%95%E8%AF%BE%E7%BD%91_files/h.js
ERR: 非法操作:实战开发课程_IT培训精品课程_慕课网_files

[ 2015-11-11T21:45:28+08:00 ] ::1 /think04/Home/Course/%E5%AE%9E%E6%88%98%E5%BC%80%E5%8F%91%E8%AF%BE%E7%A8%8B_IT%E5%9F%B9%E8%AE%AD%E7%B2%BE%E5%93%81%E8%AF%BE%E7%A8%8B_%E6%85%95%E8%AF%BE%E7%BD%91_files/h.js
ERR: 非法操作:实战开发课程_IT培训精品课程_慕课网_files

[ 2015-11-11T21:56:08+08:00 ] ::1 /think04/Home/Course/%E5%AE%9E%E6%88%98%E5%BC%80%E5%8F%91%E8%AF%BE%E7%A8%8B_IT%E5%9F%B9%E8%AE%AD%E7%B2%BE%E5%93%81%E8%AF%BE%E7%A8%8B_%E6%85%95%E8%AF%BE%E7%BD%91_files/h.js
ERR: 非法操作:实战开发课程_IT培训精品课程_慕课网_files

[ 2015-11-11T22:22:58+08:00 ] ::1 /think04/Home/Course/%E5%AE%9E%E6%88%98%E5%BC%80%E5%8F%91%E8%AF%BE%E7%A8%8B_IT%E5%9F%B9%E8%AE%AD%E7%B2%BE%E5%93%81%E8%AF%BE%E7%A8%8B_%E6%85%95%E8%AF%BE%E7%BD%91_files/h.js
ERR: 非法操作:实战开发课程_IT培训精品课程_慕课网_files

[ 2015-11-11T22:25:19+08:00 ] ::1 /think04/
ERR: 无法加载控制器:Index

