[ 2016-02-01T09:09:20+08:00 ] ::1 /AP1/Home/View/xi_ajaxName.html?id=23
INFO: [ app_begin ] --START--
INFO: Run Behavior\ReadHtmlCacheBehavior [ RunTime:0.001001s ]
INFO: [ app_begin ] --END-- [ RunTime:0.001001s ]
NOTIC: [8] Undefined index: home D:\wamp\www\AP1\App\Home\Controller\CommonController.class.php 第 10 行.
SQL: SHOW COLUMNS FROM `ju_zizhang` [ RunTime:0.017001s ]
SQL: SELECT `id`,`xi_name`,`video_id` FROM `ju_zizhang` WHERE ( `zh_id` = 23 ) ORDER BY id desc  [ RunTime:0.001000s ]

[ 2016-02-01T09:09:45+08:00 ] ::1 /AP1/Home/View/xi_ajaxName.html?id=23
INFO: [ app_begin ] --START--
INFO: Run Behavior\ReadHtmlCacheBehavior [ RunTime:0.001001s ]
INFO: [ app_begin ] --END-- [ RunTime:0.002001s ]
NOTIC: [8] Undefined index: home D:\wamp\www\AP1\App\Home\Controller\CommonController.class.php 第 10 行.
SQL: SHOW COLUMNS FROM `ju_zizhang` [ RunTime:0.005000s ]
SQL: SELECT `id`,`xi_name`,`video_id` FROM `ju_zizhang` WHERE ( `zh_id` = 23 ) ORDER BY id desc  [ RunTime:0.000000s ]

[ 2016-02-01T09:10:07+08:00 ] ::1 /AP1/Home/Reg/ajaxName.html?name=gyq
INFO: [ app_begin ] --START--
INFO: Run Behavior\ReadHtmlCacheBehavior [ RunTime:0.000000s ]
INFO: [ app_begin ] --END-- [ RunTime:0.001000s ]
SQL: SHOW COLUMNS FROM `ju_user` [ RunTime:0.005000s ]
SQL: SELECT * FROM `ju_user` WHERE ( `name` = 'gyq' ) LIMIT 1   [ RunTime:0.000000s ]

[ 2016-02-01T09:10:20+08:00 ] ::1 /AP1/Home/Reg/ajaxEmail.html?email=
INFO: [ app_begin ] --START--
INFO: Run Behavior\ReadHtmlCacheBehavior [ RunTime:0.001000s ]
INFO: [ app_begin ] --END-- [ RunTime:0.002000s ]
SQL: SHOW COLUMNS FROM `ju_user` [ RunTime:0.005000s ]
SQL: SELECT * FROM `ju_user` WHERE ( `email` = '' ) LIMIT 1   [ RunTime:0.001000s ]

[ 2016-02-01T09:10:45+08:00 ] ::1 /AP1/Home/Reg/ajaxEmail.html?email=747751901%40qq.com
INFO: [ app_begin ] --START--
INFO: Run Behavior\ReadHtmlCacheBehavior [ RunTime:0.000000s ]
INFO: [ app_begin ] --END-- [ RunTime:0.002000s ]
SQL: SHOW COLUMNS FROM `ju_user` [ RunTime:0.005000s ]
SQL: SELECT * FROM `ju_user` WHERE ( `email` = '747751901@qq.com' ) LIMIT 1   [ RunTime:0.001000s ]

[ 2016-02-01T09:10:57+08:00 ] ::1 /AP1/Home/Reg/ajaxEmail.html?email=13213213%40qq.com
INFO: [ app_begin ] --START--
INFO: Run Behavior\ReadHtmlCacheBehavior [ RunTime:0.000000s ]
INFO: [ app_begin ] --END-- [ RunTime:0.001000s ]
SQL: SHOW COLUMNS FROM `ju_user` [ RunTime:0.006000s ]
SQL: SELECT * FROM `ju_user` WHERE ( `email` = '13213213@qq.com' ) LIMIT 1   [ RunTime:0.000000s ]

[ 2016-02-01T09:12:20+08:00 ] ::1 /AP1/Home/View/xi_ajaxName.html?id=23
INFO: [ app_begin ] --START--
INFO: Run Behavior\ReadHtmlCacheBehavior [ RunTime:0.001000s ]
INFO: [ app_begin ] --END-- [ RunTime:0.002000s ]
SQL: SHOW COLUMNS FROM `ju_zizhang` [ RunTime:0.005000s ]
SQL: SELECT `id`,`xi_name`,`video_id` FROM `ju_zizhang` WHERE ( `zh_id` = 23 ) ORDER BY id desc  [ RunTime:0.000000s ]

[ 2016-02-01T09:12:21+08:00 ] ::1 /AP1/Home/View/xi_ajaxName.html?id=23
INFO: [ app_begin ] --START--
INFO: Run Behavior\ReadHtmlCacheBehavior [ RunTime:0.000000s ]
INFO: [ app_begin ] --END-- [ RunTime:0.002000s ]
SQL: SHOW COLUMNS FROM `ju_zizhang` [ RunTime:0.006000s ]
SQL: SELECT `id`,`xi_name`,`video_id` FROM `ju_zizhang` WHERE ( `zh_id` = 23 ) ORDER BY id desc  [ RunTime:0.001001s ]

[ 2016-02-01T09:12:21+08:00 ] ::1 /AP1/Home/View/vertical-align%E5%AE%B6%E6%97%8F%E5%9F%BA%E6%9C%AC%E8%AE%A4%E8%AF%86-%E6%85%95%E8%AF%BE%E7%BD%91_files/ueditor.final.min.js
ERR: 非法操作:vertical-align家族基本认识-慕课网_files

[ 2016-02-01T09:12:21+08:00 ] ::1 /AP1/Home/View/vertical-align%E5%AE%B6%E6%97%8F%E5%9F%BA%E6%9C%AC%E8%AE%A4%E8%AF%86-%E6%85%95%E8%AF%BE%E7%BD%91_files/sea.js
ERR: 非法操作:vertical-align家族基本认识-慕课网_files

[ 2016-02-01T09:12:21+08:00 ] ::1 /AP1/Home/View/vertical-align%E5%AE%B6%E6%97%8F%E5%9F%BA%E6%9C%AC%E8%AE%A4%E8%AF%86-%E6%85%95%E8%AF%BE%E7%BD%91_files/sea_config.js
ERR: 非法操作:vertical-align家族基本认识-慕课网_files

[ 2016-02-01T09:12:22+08:00 ] ::1 /AP1/Home/View/vertical-align%E5%AE%B6%E6%97%8F%E5%9F%BA%E6%9C%AC%E8%AE%A4%E8%AF%86-%E6%85%95%E8%AF%BE%E7%BD%91_files/h.js
ERR: 非法操作:vertical-align家族基本认识-慕课网_files

[ 2016-02-01T09:12:22+08:00 ] ::1 /AP1/Home/View/vertical-align%E5%AE%B6%E6%97%8F%E5%9F%BA%E6%9C%AC%E8%AE%A4%E8%AF%86-%E6%85%95%E8%AF%BE%E7%BD%91_files/getcoursequestioncode
ERR: 非法操作:vertical-align家族基本认识-慕课网_files

[ 2016-02-01T09:15:18+08:00 ] ::1 /AP1/Home/View/xi_ajaxName.html?id=23
INFO: [ app_begin ] --START--
INFO: Run Behavior\ReadHtmlCacheBehavior [ RunTime:0.001000s ]
INFO: [ app_begin ] --END-- [ RunTime:0.001000s ]
SQL: SHOW COLUMNS FROM `ju_zizhang` [ RunTime:0.006000s ]
SQL: SELECT `id`,`xi_name`,`video_id` FROM `ju_zizhang` WHERE ( `zh_id` = 23 ) ORDER BY id desc  [ RunTime:0.000000s ]

[ 2016-02-01T09:15:19+08:00 ] ::1 /AP1/Home/View/xi_ajaxName.html?id=23
INFO: [ app_begin ] --START--
INFO: Run Behavior\ReadHtmlCacheBehavior [ RunTime:0.001000s ]
INFO: [ app_begin ] --END-- [ RunTime:0.002000s ]
SQL: SHOW COLUMNS FROM `ju_zizhang` [ RunTime:0.008000s ]
SQL: SELECT `id`,`xi_name`,`video_id` FROM `ju_zizhang` WHERE ( `zh_id` = 23 ) ORDER BY id desc  [ RunTime:0.001000s ]

[ 2016-02-01T09:15:20+08:00 ] ::1 /AP1/Home/View/vertical-align%E5%AE%B6%E6%97%8F%E5%9F%BA%E6%9C%AC%E8%AE%A4%E8%AF%86-%E6%85%95%E8%AF%BE%E7%BD%91_files/sea_config.js
ERR: 非法操作:vertical-align家族基本认识-慕课网_files

[ 2016-02-01T09:15:21+08:00 ] ::1 /AP1/Home/View/vertical-align%E5%AE%B6%E6%97%8F%E5%9F%BA%E6%9C%AC%E8%AE%A4%E8%AF%86-%E6%85%95%E8%AF%BE%E7%BD%91_files/sea.js
ERR: 非法操作:vertical-align家族基本认识-慕课网_files

[ 2016-02-01T09:15:21+08:00 ] ::1 /AP1/Home/View/vertical-align%E5%AE%B6%E6%97%8F%E5%9F%BA%E6%9C%AC%E8%AE%A4%E8%AF%86-%E6%85%95%E8%AF%BE%E7%BD%91_files/getcoursequestioncode
ERR: 非法操作:vertical-align家族基本认识-慕课网_files

[ 2016-02-01T09:15:21+08:00 ] ::1 /AP1/Home/View/vertical-align%E5%AE%B6%E6%97%8F%E5%9F%BA%E6%9C%AC%E8%AE%A4%E8%AF%86-%E6%85%95%E8%AF%BE%E7%BD%91_files/ueditor.final.min.js
ERR: 非法操作:vertical-align家族基本认识-慕课网_files

[ 2016-02-01T09:15:21+08:00 ] ::1 /AP1/Home/View/vertical-align%E5%AE%B6%E6%97%8F%E5%9F%BA%E6%9C%AC%E8%AE%A4%E8%AF%86-%E6%85%95%E8%AF%BE%E7%BD%91_files/h.js
ERR: 非法操作:vertical-align家族基本认识-慕课网_files

[ 2016-02-01T09:15:22+08:00 ] ::1 /AP1/Home/View/vertical-align%E5%AE%B6%E6%97%8F%E5%9F%BA%E6%9C%AC%E8%AE%A4%E8%AF%86-%E6%85%95%E8%AF%BE%E7%BD%91_files/getcoursequestioncode
ERR: 非法操作:vertical-align家族基本认识-慕课网_files

[ 2016-02-01T09:16:37+08:00 ] ::1 /AP1/Home/View/xi_ajaxName.html?id=23
INFO: [ app_begin ] --START--
INFO: Run Behavior\ReadHtmlCacheBehavior [ RunTime:0.001000s ]
INFO: [ app_begin ] --END-- [ RunTime:0.001000s ]
SQL: SHOW COLUMNS FROM `ju_zizhang` [ RunTime:0.005000s ]
SQL: SELECT `id`,`xi_name`,`video_id` FROM `ju_zizhang` WHERE ( `zh_id` = 23 ) ORDER BY id desc  [ RunTime:0.001000s ]

[ 2016-02-01T09:16:37+08:00 ] ::1 /AP1/Home/View/xi_ajaxName.html?id=23
INFO: [ app_begin ] --START--
INFO: Run Behavior\ReadHtmlCacheBehavior [ RunTime:0.001000s ]
INFO: [ app_begin ] --END-- [ RunTime:0.001000s ]
SQL: SHOW COLUMNS FROM `ju_zizhang` [ RunTime:0.006000s ]
SQL: SELECT `id`,`xi_name`,`video_id` FROM `ju_zizhang` WHERE ( `zh_id` = 23 ) ORDER BY id desc  [ RunTime:0.000000s ]

[ 2016-02-01T09:16:38+08:00 ] ::1 /AP1/Home/View/vertical-align%E5%AE%B6%E6%97%8F%E5%9F%BA%E6%9C%AC%E8%AE%A4%E8%AF%86-%E6%85%95%E8%AF%BE%E7%BD%91_files/ueditor.final.min.js
ERR: 非法操作:vertical-align家族基本认识-慕课网_files

[ 2016-02-01T09:16:38+08:00 ] ::1 /AP1/Home/View/vertical-align%E5%AE%B6%E6%97%8F%E5%9F%BA%E6%9C%AC%E8%AE%A4%E8%AF%86-%E6%85%95%E8%AF%BE%E7%BD%91_files/sea.js
ERR: 非法操作:vertical-align家族基本认识-慕课网_files

[ 2016-02-01T09:16:39+08:00 ] ::1 /AP1/Home/View/vertical-align%E5%AE%B6%E6%97%8F%E5%9F%BA%E6%9C%AC%E8%AE%A4%E8%AF%86-%E6%85%95%E8%AF%BE%E7%BD%91_files/sea_config.js
ERR: 非法操作:vertical-align家族基本认识-慕课网_files

[ 2016-02-01T09:16:39+08:00 ] ::1 /AP1/Home/View/vertical-align%E5%AE%B6%E6%97%8F%E5%9F%BA%E6%9C%AC%E8%AE%A4%E8%AF%86-%E6%85%95%E8%AF%BE%E7%BD%91_files/h.js
ERR: 非法操作:vertical-align家族基本认识-慕课网_files

[ 2016-02-01T09:16:39+08:00 ] ::1 /AP1/Home/View/vertical-align%E5%AE%B6%E6%97%8F%E5%9F%BA%E6%9C%AC%E8%AE%A4%E8%AF%86-%E6%85%95%E8%AF%BE%E7%BD%91_files/getcoursequestioncode
ERR: 非法操作:vertical-align家族基本认识-慕课网_files

[ 2016-02-01T09:16:39+08:00 ] ::1 /AP1/Home/View/vertical-align%E5%AE%B6%E6%97%8F%E5%9F%BA%E6%9C%AC%E8%AE%A4%E8%AF%86-%E6%85%95%E8%AF%BE%E7%BD%91_files/getcoursequestioncode
ERR: 非法操作:vertical-align家族基本认识-慕课网_files

[ 2016-02-01T09:16:42+08:00 ] ::1 /AP1/Home/View/xi_ajaxName.html?id=23
INFO: [ app_begin ] --START--
INFO: Run Behavior\ReadHtmlCacheBehavior [ RunTime:0.001000s ]
INFO: [ app_begin ] --END-- [ RunTime:0.001000s ]
SQL: SHOW COLUMNS FROM `ju_zizhang` [ RunTime:0.005001s ]
SQL: SELECT `id`,`xi_name`,`video_id` FROM `ju_zizhang` WHERE ( `zh_id` = 23 ) ORDER BY id desc  [ RunTime:0.000000s ]

[ 2016-02-01T09:16:43+08:00 ] ::1 /AP1/Home/View/xi_ajaxName.html?id=23
INFO: [ app_begin ] --START--
INFO: Run Behavior\ReadHtmlCacheBehavior [ RunTime:0.001001s ]
INFO: [ app_begin ] --END-- [ RunTime:0.004001s ]
SQL: SHOW COLUMNS FROM `ju_zizhang` [ RunTime:0.006001s ]
SQL: SELECT `id`,`xi_name`,`video_id` FROM `ju_zizhang` WHERE ( `zh_id` = 23 ) ORDER BY id desc  [ RunTime:0.000000s ]

[ 2016-02-01T09:16:44+08:00 ] ::1 /AP1/Home/View/vertical-align%E5%AE%B6%E6%97%8F%E5%9F%BA%E6%9C%AC%E8%AE%A4%E8%AF%86-%E6%85%95%E8%AF%BE%E7%BD%91_files/ueditor.final.min.js
ERR: 非法操作:vertical-align家族基本认识-慕课网_files

[ 2016-02-01T09:16:44+08:00 ] ::1 /AP1/Home/View/vertical-align%E5%AE%B6%E6%97%8F%E5%9F%BA%E6%9C%AC%E8%AE%A4%E8%AF%86-%E6%85%95%E8%AF%BE%E7%BD%91_files/sea.js
ERR: 非法操作:vertical-align家族基本认识-慕课网_files

[ 2016-02-01T09:16:44+08:00 ] ::1 /AP1/Home/View/vertical-align%E5%AE%B6%E6%97%8F%E5%9F%BA%E6%9C%AC%E8%AE%A4%E8%AF%86-%E6%85%95%E8%AF%BE%E7%BD%91_files/getcoursequestioncode
ERR: 非法操作:vertical-align家族基本认识-慕课网_files

[ 2016-02-01T09:16:45+08:00 ] ::1 /AP1/Home/View/vertical-align%E5%AE%B6%E6%97%8F%E5%9F%BA%E6%9C%AC%E8%AE%A4%E8%AF%86-%E6%85%95%E8%AF%BE%E7%BD%91_files/sea_config.js
ERR: 非法操作:vertical-align家族基本认识-慕课网_files

[ 2016-02-01T09:16:45+08:00 ] ::1 /AP1/Home/View/vertical-align%E5%AE%B6%E6%97%8F%E5%9F%BA%E6%9C%AC%E8%AE%A4%E8%AF%86-%E6%85%95%E8%AF%BE%E7%BD%91_files/h.js
ERR: 非法操作:vertical-align家族基本认识-慕课网_files

[ 2016-02-01T09:16:45+08:00 ] ::1 /AP1/Home/View/vertical-align%E5%AE%B6%E6%97%8F%E5%9F%BA%E6%9C%AC%E8%AE%A4%E8%AF%86-%E6%85%95%E8%AF%BE%E7%BD%91_files/getcoursequestioncode
ERR: 非法操作:vertical-align家族基本认识-慕课网_files

[ 2016-02-01T09:16:59+08:00 ] ::1 /AP1/Home/View/vertical-align%E5%AE%B6%E6%97%8F%E5%9F%BA%E6%9C%AC%E8%AE%A4%E8%AF%86-%E6%85%95%E8%AF%BE%E7%BD%91_files/h.js
ERR: 非法操作:vertical-align家族基本认识-慕课网_files

[ 2016-02-01T09:16:59+08:00 ] ::1 /AP1/Home/View/vertical-align%E5%AE%B6%E6%97%8F%E5%9F%BA%E6%9C%AC%E8%AE%A4%E8%AF%86-%E6%85%95%E8%AF%BE%E7%BD%91_files/sea.js
ERR: 非法操作:vertical-align家族基本认识-慕课网_files

[ 2016-02-01T09:16:59+08:00 ] ::1 /AP1/Home/View/vertical-align%E5%AE%B6%E6%97%8F%E5%9F%BA%E6%9C%AC%E8%AE%A4%E8%AF%86-%E6%85%95%E8%AF%BE%E7%BD%91_files/ueditor.final.min.js
ERR: 非法操作:vertical-align家族基本认识-慕课网_files

[ 2016-02-01T09:16:59+08:00 ] ::1 /AP1/Home/View/vertical-align%E5%AE%B6%E6%97%8F%E5%9F%BA%E6%9C%AC%E8%AE%A4%E8%AF%86-%E6%85%95%E8%AF%BE%E7%BD%91_files/getcoursequestioncode
ERR: 非法操作:vertical-align家族基本认识-慕课网_files

[ 2016-02-01T09:17:00+08:00 ] ::1 /AP1/Home/View/vertical-align%E5%AE%B6%E6%97%8F%E5%9F%BA%E6%9C%AC%E8%AE%A4%E8%AF%86-%E6%85%95%E8%AF%BE%E7%BD%91_files/sea_config.js
ERR: 非法操作:vertical-align家族基本认识-慕课网_files

[ 2016-02-01T09:17:00+08:00 ] ::1 /AP1/Home/View/vertical-align%E5%AE%B6%E6%97%8F%E5%9F%BA%E6%9C%AC%E8%AE%A4%E8%AF%86-%E6%85%95%E8%AF%BE%E7%BD%91_files/getcoursequestioncode
ERR: 非法操作:vertical-align家族基本认识-慕课网_files

[ 2016-02-01T09:17:20+08:00 ] ::1 /AP1/Home/View/xi_ajaxName.html?id=23
INFO: [ app_begin ] --START--
INFO: Run Behavior\ReadHtmlCacheBehavior [ RunTime:0.001000s ]
INFO: [ app_begin ] --END-- [ RunTime:0.001000s ]
SQL: SHOW COLUMNS FROM `ju_zizhang` [ RunTime:0.006000s ]
SQL: SELECT `id`,`xi_name`,`video_id` FROM `ju_zizhang` WHERE ( `zh_id` = 23 ) ORDER BY id desc  [ RunTime:0.000000s ]

[ 2016-02-01T09:17:41+08:00 ] ::1 /AP1/Home/View/xi_ajaxName.html?id=23
INFO: [ app_begin ] --START--
INFO: Run Behavior\ReadHtmlCacheBehavior [ RunTime:0.001000s ]
INFO: [ app_begin ] --END-- [ RunTime:0.002000s ]
SQL: SHOW COLUMNS FROM `ju_zizhang` [ RunTime:0.048003s ]
SQL: SELECT `id`,`xi_name`,`video_id` FROM `ju_zizhang` WHERE ( `zh_id` = 23 ) ORDER BY id desc  [ RunTime:0.000000s ]

[ 2016-02-01T09:17:41+08:00 ] ::1 /AP1/Home/View/xi_ajaxName.html?id=23
INFO: [ app_begin ] --START--
INFO: Run Behavior\ReadHtmlCacheBehavior [ RunTime:0.001000s ]
INFO: [ app_begin ] --END-- [ RunTime:0.002000s ]
SQL: SHOW COLUMNS FROM `ju_zizhang` [ RunTime:0.006000s ]
SQL: SELECT `id`,`xi_name`,`video_id` FROM `ju_zizhang` WHERE ( `zh_id` = 23 ) ORDER BY id desc  [ RunTime:0.000000s ]

[ 2016-02-01T09:17:44+08:00 ] ::1 /AP1/Home/View/xi_ajaxName.html?id=23
INFO: [ app_begin ] --START--
INFO: Run Behavior\ReadHtmlCacheBehavior [ RunTime:0.001000s ]
INFO: [ app_begin ] --END-- [ RunTime:0.002000s ]
SQL: SHOW COLUMNS FROM `ju_zizhang` [ RunTime:0.005000s ]
SQL: SELECT `id`,`xi_name`,`video_id` FROM `ju_zizhang` WHERE ( `zh_id` = 23 ) ORDER BY id desc  [ RunTime:0.000000s ]

[ 2016-02-01T09:17:45+08:00 ] ::1 /AP1/Home/View/xi_ajaxName.html?id=23
INFO: [ app_begin ] --START--
INFO: Run Behavior\ReadHtmlCacheBehavior [ RunTime:0.000000s ]
INFO: [ app_begin ] --END-- [ RunTime:0.002001s ]
SQL: SHOW COLUMNS FROM `ju_zizhang` [ RunTime:0.005001s ]
SQL: SELECT `id`,`xi_name`,`video_id` FROM `ju_zizhang` WHERE ( `zh_id` = 23 ) ORDER BY id desc  [ RunTime:0.000000s ]

[ 2016-02-01T09:17:45+08:00 ] ::1 /AP1/Home/View/xi_ajaxName.html?id=23
INFO: [ app_begin ] --START--
INFO: Run Behavior\ReadHtmlCacheBehavior [ RunTime:0.001000s ]
INFO: [ app_begin ] --END-- [ RunTime:0.001000s ]
SQL: SHOW COLUMNS FROM `ju_zizhang` [ RunTime:0.005000s ]
SQL: SELECT `id`,`xi_name`,`video_id` FROM `ju_zizhang` WHERE ( `zh_id` = 23 ) ORDER BY id desc  [ RunTime:0.000000s ]

[ 2016-02-01T09:17:59+08:00 ] ::1 /AP1/Home/View/xi_ajaxName.html?id=23
INFO: [ app_begin ] --START--
INFO: Run Behavior\ReadHtmlCacheBehavior [ RunTime:0.001001s ]
INFO: [ app_begin ] --END-- [ RunTime:0.001001s ]
SQL: SHOW COLUMNS FROM `ju_zizhang` [ RunTime:0.005001s ]
SQL: SELECT `id`,`xi_name`,`video_id` FROM `ju_zizhang` WHERE ( `zh_id` = 23 ) ORDER BY id desc  [ RunTime:0.000000s ]

[ 2016-02-01T09:20:57+08:00 ] ::1 /AP1/Home/View/xi_ajaxName.html?id=23
INFO: [ app_begin ] --START--
INFO: Run Behavior\ReadHtmlCacheBehavior [ RunTime:0.001000s ]
INFO: [ app_begin ] --END-- [ RunTime:0.001000s ]
SQL: SHOW COLUMNS FROM `ju_zizhang` [ RunTime:0.005000s ]
SQL: SELECT `id`,`xi_name`,`video_id` FROM `ju_zizhang` WHERE ( `zh_id` = 23 ) ORDER BY id desc  [ RunTime:0.000000s ]

[ 2016-02-01T09:21:34+08:00 ] ::1 /AP1/Home/Search/se_ajaxName.html
INFO: [ app_begin ] --START--
INFO: Run Behavior\ReadHtmlCacheBehavior [ RunTime:0.001000s ]
INFO: [ app_begin ] --END-- [ RunTime:0.002000s ]
SQL: SHOW COLUMNS FROM `ju_seme` [ RunTime:0.005001s ]
SQL: SELECT `contain` FROM `ju_seme` WHERE ( `user_id` = 12 ) ORDER BY id desc LIMIT 4   [ RunTime:0.000000s ]

[ 2016-02-01T09:22:03+08:00 ] ::1 /AP1/Home/Search/se_ajaxName.html
INFO: [ app_begin ] --START--
INFO: Run Behavior\ReadHtmlCacheBehavior [ RunTime:0.001000s ]
INFO: [ app_begin ] --END-- [ RunTime:0.002000s ]
SQL: SHOW COLUMNS FROM `ju_seme` [ RunTime:0.005001s ]
SQL: SELECT `contain` FROM `ju_seme` WHERE ( `user_id` = 12 ) ORDER BY id desc LIMIT 4   [ RunTime:0.001000s ]

[ 2016-02-01T09:22:04+08:00 ] ::1 /AP1/Home/Search/se_ajaxName.html
INFO: [ app_begin ] --START--
INFO: Run Behavior\ReadHtmlCacheBehavior [ RunTime:0.001000s ]
INFO: [ app_begin ] --END-- [ RunTime:0.001000s ]
SQL: SHOW COLUMNS FROM `ju_seme` [ RunTime:0.005000s ]
SQL: SELECT `contain` FROM `ju_seme` WHERE ( `user_id` = 12 ) ORDER BY id desc LIMIT 4   [ RunTime:0.000000s ]

[ 2016-02-01T09:23:44+08:00 ] ::1 /AP1/Home/Space/ajaxName.html?id=1
INFO: [ app_begin ] --START--
INFO: Run Behavior\ReadHtmlCacheBehavior [ RunTime:0.001000s ]
INFO: [ app_begin ] --END-- [ RunTime:0.001000s ]
SQL: SHOW COLUMNS FROM `ju_user` [ RunTime:0.006000s ]
SQL: SHOW COLUMNS FROM `ju_collectless` [ RunTime:0.006001s ]
SQL: SHOW COLUMNS FROM `ju_collectplan` [ RunTime:0.005000s ]
SQL: SHOW COLUMNS FROM `ju_touimg` [ RunTime:0.005000s ]
SQL: SELECT * FROM `ju_user` WHERE ( id=4 ) LIMIT 1   [ RunTime:0.001000s ]
SQL: SELECT `name` FROM `ju_touimg` WHERE ( `user_id` = 4 ) AND ( `is_face` = 1 ) LIMIT 1   [ RunTime:0.001000s ]
SQL: SELECT * FROM `ju_collectless` WHERE ( user_id=4 )  [ RunTime:0.000000s ]
SQL: SELECT * FROM `ju_collectplan` WHERE ( user_id=4 )  [ RunTime:0.000000s ]
SQL: SHOW COLUMNS FROM `ju_category` [ RunTime:0.006000s ]
SQL: SELECT `id`,`name` FROM `ju_category` WHERE ( `pid` = 1 )  [ RunTime:0.001000s ]

[ 2016-02-01T09:23:46+08:00 ] ::1 /AP1/Home/Space/ajaxName.html?id=2
INFO: [ app_begin ] --START--
INFO: Run Behavior\ReadHtmlCacheBehavior [ RunTime:0.001000s ]
INFO: [ app_begin ] --END-- [ RunTime:0.001000s ]
SQL: SHOW COLUMNS FROM `ju_user` [ RunTime:0.005000s ]
SQL: SHOW COLUMNS FROM `ju_collectless` [ RunTime:0.005000s ]
SQL: SHOW COLUMNS FROM `ju_collectplan` [ RunTime:0.006001s ]
SQL: SHOW COLUMNS FROM `ju_touimg` [ RunTime:0.005000s ]
SQL: SELECT * FROM `ju_user` WHERE ( id=4 ) LIMIT 1   [ RunTime:0.001000s ]
SQL: SELECT `name` FROM `ju_touimg` WHERE ( `user_id` = 4 ) AND ( `is_face` = 1 ) LIMIT 1   [ RunTime:0.000000s ]
SQL: SELECT * FROM `ju_collectless` WHERE ( user_id=4 )  [ RunTime:0.001000s ]
SQL: SELECT * FROM `ju_collectplan` WHERE ( user_id=4 )  [ RunTime:0.000000s ]
SQL: SHOW COLUMNS FROM `ju_category` [ RunTime:0.006001s ]
SQL: SELECT `id`,`name` FROM `ju_category` WHERE ( `pid` = 2 )  [ RunTime:0.000000s ]

