[ 2015-11-17T21:05:45+08:00 ] ::1 /think04/
ERR: 无法加载控制器:Index

[ 2015-11-17T21:47:48+08:00 ] ::1 /think04/Home/Plan/%E6%85%95%E8%AF%BE%E7%BD%91-%E5%AD%A6%E4%B9%A0%E8%AE%A1%E5%88%92_files/sea_config.js
ERR: 非法操作:慕课网-学习计划_files

[ 2015-11-17T21:47:48+08:00 ] ::1 /think04/Home/Plan/%E6%85%95%E8%AF%BE%E7%BD%91-%E5%AD%A6%E4%B9%A0%E8%AE%A1%E5%88%92_files/sea.js
ERR: 非法操作:慕课网-学习计划_files

[ 2015-11-17T21:47:48+08:00 ] ::1 /think04/Home/Plan/%E6%85%95%E8%AF%BE%E7%BD%91-%E5%AD%A6%E4%B9%A0%E8%AE%A1%E5%88%92_files/h.js
ERR: 非法操作:慕课网-学习计划_files

[ 2015-11-17T21:47:48+08:00 ] ::1 /think04/Home/Plan/%E6%85%95%E8%AF%BE%E7%BD%91-%E5%AD%A6%E4%B9%A0%E8%AE%A1%E5%88%92_files/ssologin.js
ERR: 非法操作:慕课网-学习计划_files

[ 2015-11-17T21:47:57+08:00 ] ::1 /think04/Home/Plan/%E6%85%95%E8%AF%BE%E7%BD%91-%E5%AD%A6%E4%B9%A0%E8%AE%A1%E5%88%92_files/ssologin.js
ERR: 非法操作:慕课网-学习计划_files

[ 2015-11-17T21:47:57+08:00 ] ::1 /think04/Home/Plan/%E6%85%95%E8%AF%BE%E7%BD%91-%E5%AD%A6%E4%B9%A0%E8%AE%A1%E5%88%92_files/sea_config.js
ERR: 非法操作:慕课网-学习计划_files

[ 2015-11-17T21:47:57+08:00 ] ::1 /think04/Home/Plan/%E6%85%95%E8%AF%BE%E7%BD%91-%E5%AD%A6%E4%B9%A0%E8%AE%A1%E5%88%92_files/sea.js
ERR: 非法操作:慕课网-学习计划_files

[ 2015-11-17T21:47:57+08:00 ] ::1 /think04/Home/Plan/%E6%85%95%E8%AF%BE%E7%BD%91-%E5%AD%A6%E4%B9%A0%E8%AE%A1%E5%88%92_files/h.js
ERR: 非法操作:慕课网-学习计划_files

[ 2015-11-17T21:48:10+08:00 ] ::1 /think04/Home/Plan/%E6%85%95%E8%AF%BE%E7%BD%91-%E5%AD%A6%E4%B9%A0%E8%AE%A1%E5%88%92_files/h.js
ERR: 非法操作:慕课网-学习计划_files

[ 2015-11-17T21:48:10+08:00 ] ::1 /think04/Home/Plan/%E6%85%95%E8%AF%BE%E7%BD%91-%E5%AD%A6%E4%B9%A0%E8%AE%A1%E5%88%92_files/sea_config.js
ERR: 非法操作:慕课网-学习计划_files

[ 2015-11-17T21:48:10+08:00 ] ::1 /think04/Home/Plan/%E6%85%95%E8%AF%BE%E7%BD%91-%E5%AD%A6%E4%B9%A0%E8%AE%A1%E5%88%92_files/ssologin.js
ERR: 非法操作:慕课网-学习计划_files

[ 2015-11-17T21:48:10+08:00 ] ::1 /think04/Home/Plan/%E6%85%95%E8%AF%BE%E7%BD%91-%E5%AD%A6%E4%B9%A0%E8%AE%A1%E5%88%92_files/sea.js
ERR: 非法操作:慕课网-学习计划_files

[ 2015-11-17T21:48:13+08:00 ] ::1 /think04/Home/Plan/%E6%85%95%E8%AF%BE%E7%BD%91-%E5%AD%A6%E4%B9%A0%E8%AE%A1%E5%88%92_files/ssologin.js
ERR: 非法操作:慕课网-学习计划_files

[ 2015-11-17T21:48:13+08:00 ] ::1 /think04/Home/Plan/%E6%85%95%E8%AF%BE%E7%BD%91-%E5%AD%A6%E4%B9%A0%E8%AE%A1%E5%88%92_files/sea_config.js
ERR: 非法操作:慕课网-学习计划_files

[ 2015-11-17T21:48:13+08:00 ] ::1 /think04/Home/Plan/%E6%85%95%E8%AF%BE%E7%BD%91-%E5%AD%A6%E4%B9%A0%E8%AE%A1%E5%88%92_files/sea.js
ERR: 非法操作:慕课网-学习计划_files

[ 2015-11-17T21:48:13+08:00 ] ::1 /think04/Home/Plan/%E6%85%95%E8%AF%BE%E7%BD%91-%E5%AD%A6%E4%B9%A0%E8%AE%A1%E5%88%92_files/h.js
ERR: 非法操作:慕课网-学习计划_files

[ 2015-11-17T21:53:13+08:00 ] ::1 /think04/Home/Plan/%E6%85%95%E8%AF%BE%E7%BD%91-%E5%AD%A6%E4%B9%A0%E8%AE%A1%E5%88%92_files/ssologin.js
ERR: 非法操作:慕课网-学习计划_files

[ 2015-11-17T21:53:14+08:00 ] ::1 /think04/Home/Plan/%E6%85%95%E8%AF%BE%E7%BD%91-%E5%AD%A6%E4%B9%A0%E8%AE%A1%E5%88%92_files/sea.js
ERR: 非法操作:慕课网-学习计划_files

[ 2015-11-17T21:53:14+08:00 ] ::1 /think04/Home/Plan/%E6%85%95%E8%AF%BE%E7%BD%91-%E5%AD%A6%E4%B9%A0%E8%AE%A1%E5%88%92_files/h.js
ERR: 非法操作:慕课网-学习计划_files

[ 2015-11-17T21:53:14+08:00 ] ::1 /think04/Home/Plan/%E6%85%95%E8%AF%BE%E7%BD%91-%E5%AD%A6%E4%B9%A0%E8%AE%A1%E5%88%92_files/sea_config.js
ERR: 非法操作:慕课网-学习计划_files

[ 2015-11-17T21:53:18+08:00 ] ::1 /think04/Home/Plan/%E6%85%95%E8%AF%BE%E7%BD%91-%E5%AD%A6%E4%B9%A0%E8%AE%A1%E5%88%92_files/ssologin.js
ERR: 非法操作:慕课网-学习计划_files

[ 2015-11-17T21:53:18+08:00 ] ::1 /think04/Home/Plan/%E6%85%95%E8%AF%BE%E7%BD%91-%E5%AD%A6%E4%B9%A0%E8%AE%A1%E5%88%92_files/sea.js
ERR: 非法操作:慕课网-学习计划_files

[ 2015-11-17T21:53:18+08:00 ] ::1 /think04/Home/Plan/%E6%85%95%E8%AF%BE%E7%BD%91-%E5%AD%A6%E4%B9%A0%E8%AE%A1%E5%88%92_files/sea_config.js
ERR: 非法操作:慕课网-学习计划_files

[ 2015-11-17T21:53:18+08:00 ] ::1 /think04/Home/Plan/%E6%85%95%E8%AF%BE%E7%BD%91-%E5%AD%A6%E4%B9%A0%E8%AE%A1%E5%88%92_files/h.js
ERR: 非法操作:慕课网-学习计划_files

[ 2015-11-17T21:56:16+08:00 ] ::1 /think04/Home/Plan/%E6%85%95%E8%AF%BE%E7%BD%91-%E5%AD%A6%E4%B9%A0%E8%AE%A1%E5%88%92_files/sea.js
ERR: 非法操作:慕课网-学习计划_files

[ 2015-11-17T21:56:16+08:00 ] ::1 /think04/Home/Plan/%E6%85%95%E8%AF%BE%E7%BD%91-%E5%AD%A6%E4%B9%A0%E8%AE%A1%E5%88%92_files/sea_config.js
ERR: 非法操作:慕课网-学习计划_files

[ 2015-11-17T21:56:16+08:00 ] ::1 /think04/Home/Plan/%E6%85%95%E8%AF%BE%E7%BD%91-%E5%AD%A6%E4%B9%A0%E8%AE%A1%E5%88%92_files/ssologin.js
ERR: 非法操作:慕课网-学习计划_files

[ 2015-11-17T21:56:16+08:00 ] ::1 /think04/Home/Plan/%E6%85%95%E8%AF%BE%E7%BD%91-%E5%AD%A6%E4%B9%A0%E8%AE%A1%E5%88%92_files/h.js
ERR: 非法操作:慕课网-学习计划_files

[ 2015-11-17T21:56:31+08:00 ] ::1 /think04/Home/Plan/%E6%85%95%E8%AF%BE%E7%BD%91-%E5%AD%A6%E4%B9%A0%E8%AE%A1%E5%88%92_files/ssologin.js
ERR: 非法操作:慕课网-学习计划_files

[ 2015-11-17T21:56:31+08:00 ] ::1 /think04/Home/Plan/%E6%85%95%E8%AF%BE%E7%BD%91-%E5%AD%A6%E4%B9%A0%E8%AE%A1%E5%88%92_files/sea_config.js
ERR: 非法操作:慕课网-学习计划_files

[ 2015-11-17T21:56:31+08:00 ] ::1 /think04/Home/Plan/%E6%85%95%E8%AF%BE%E7%BD%91-%E5%AD%A6%E4%B9%A0%E8%AE%A1%E5%88%92_files/h.js
ERR: 非法操作:慕课网-学习计划_files

[ 2015-11-17T21:56:31+08:00 ] ::1 /think04/Home/Plan/%E6%85%95%E8%AF%BE%E7%BD%91-%E5%AD%A6%E4%B9%A0%E8%AE%A1%E5%88%92_files/sea.js
ERR: 非法操作:慕课网-学习计划_files

[ 2015-11-17T21:56:33+08:00 ] ::1 /think04/Home/Plan/%E6%85%95%E8%AF%BE%E7%BD%91-%E5%AD%A6%E4%B9%A0%E8%AE%A1%E5%88%92_files/h.js
ERR: 非法操作:慕课网-学习计划_files

[ 2015-11-17T21:56:33+08:00 ] ::1 /think04/Home/Plan/%E6%85%95%E8%AF%BE%E7%BD%91-%E5%AD%A6%E4%B9%A0%E8%AE%A1%E5%88%92_files/ssologin.js
ERR: 非法操作:慕课网-学习计划_files

[ 2015-11-17T21:56:33+08:00 ] ::1 /think04/Home/Plan/%E6%85%95%E8%AF%BE%E7%BD%91-%E5%AD%A6%E4%B9%A0%E8%AE%A1%E5%88%92_files/sea_config.js
ERR: 非法操作:慕课网-学习计划_files

[ 2015-11-17T21:56:33+08:00 ] ::1 /think04/Home/Plan/%E6%85%95%E8%AF%BE%E7%BD%91-%E5%AD%A6%E4%B9%A0%E8%AE%A1%E5%88%92_files/sea.js
ERR: 非法操作:慕课网-学习计划_files

[ 2015-11-17T21:57:02+08:00 ] ::1 /think04/Home/Plan/%E6%85%95%E8%AF%BE%E7%BD%91-%E5%AD%A6%E4%B9%A0%E8%AE%A1%E5%88%92_files/ssologin.js
ERR: 非法操作:慕课网-学习计划_files

[ 2015-11-17T21:57:02+08:00 ] ::1 /think04/Home/Plan/%E6%85%95%E8%AF%BE%E7%BD%91-%E5%AD%A6%E4%B9%A0%E8%AE%A1%E5%88%92_files/sea.js
ERR: 非法操作:慕课网-学习计划_files

[ 2015-11-17T21:57:02+08:00 ] ::1 /think04/Home/Plan/%E6%85%95%E8%AF%BE%E7%BD%91-%E5%AD%A6%E4%B9%A0%E8%AE%A1%E5%88%92_files/sea_config.js
ERR: 非法操作:慕课网-学习计划_files

[ 2015-11-17T21:57:02+08:00 ] ::1 /think04/Home/Plan/%E6%85%95%E8%AF%BE%E7%BD%91-%E5%AD%A6%E4%B9%A0%E8%AE%A1%E5%88%92_files/h.js
ERR: 非法操作:慕课网-学习计划_files

[ 2015-11-17T21:57:03+08:00 ] ::1 /think04/Home/Plan/%E6%85%95%E8%AF%BE%E7%BD%91-%E5%AD%A6%E4%B9%A0%E8%AE%A1%E5%88%92_files/ssologin.js
ERR: 非法操作:慕课网-学习计划_files

[ 2015-11-17T21:57:03+08:00 ] ::1 /think04/Home/Plan/%E6%85%95%E8%AF%BE%E7%BD%91-%E5%AD%A6%E4%B9%A0%E8%AE%A1%E5%88%92_files/sea_config.js
ERR: 非法操作:慕课网-学习计划_files

[ 2015-11-17T21:57:03+08:00 ] ::1 /think04/Home/Plan/%E6%85%95%E8%AF%BE%E7%BD%91-%E5%AD%A6%E4%B9%A0%E8%AE%A1%E5%88%92_files/sea.js
ERR: 非法操作:慕课网-学习计划_files

[ 2015-11-17T21:57:03+08:00 ] ::1 /think04/Home/Plan/%E6%85%95%E8%AF%BE%E7%BD%91-%E5%AD%A6%E4%B9%A0%E8%AE%A1%E5%88%92_files/h.js
ERR: 非法操作:慕课网-学习计划_files

[ 2015-11-17T21:57:09+08:00 ] ::1 /think04/Home/Plan/%E6%85%95%E8%AF%BE%E7%BD%91-%E5%AD%A6%E4%B9%A0%E8%AE%A1%E5%88%92_files/h.js
ERR: 非法操作:慕课网-学习计划_files

[ 2015-11-17T21:57:09+08:00 ] ::1 /think04/Home/Plan/%E6%85%95%E8%AF%BE%E7%BD%91-%E5%AD%A6%E4%B9%A0%E8%AE%A1%E5%88%92_files/ssologin.js
ERR: 非法操作:慕课网-学习计划_files

[ 2015-11-17T21:57:09+08:00 ] ::1 /think04/Home/Plan/%E6%85%95%E8%AF%BE%E7%BD%91-%E5%AD%A6%E4%B9%A0%E8%AE%A1%E5%88%92_files/sea.js
ERR: 非法操作:慕课网-学习计划_files

[ 2015-11-17T21:57:09+08:00 ] ::1 /think04/Home/Plan/%E6%85%95%E8%AF%BE%E7%BD%91-%E5%AD%A6%E4%B9%A0%E8%AE%A1%E5%88%92_files/sea_config.js
ERR: 非法操作:慕课网-学习计划_files

[ 2015-11-17T22:03:12+08:00 ] ::1 /think04/Home/Plan/%E6%85%95%E8%AF%BE%E7%BD%91-%E5%AD%A6%E4%B9%A0%E8%AE%A1%E5%88%92_files/sea.js
ERR: 非法操作:慕课网-学习计划_files

[ 2015-11-17T22:03:12+08:00 ] ::1 /think04/Home/Plan/%E6%85%95%E8%AF%BE%E7%BD%91-%E5%AD%A6%E4%B9%A0%E8%AE%A1%E5%88%92_files/ssologin.js
ERR: 非法操作:慕课网-学习计划_files

[ 2015-11-17T22:03:13+08:00 ] ::1 /think04/Home/Plan/%E6%85%95%E8%AF%BE%E7%BD%91-%E5%AD%A6%E4%B9%A0%E8%AE%A1%E5%88%92_files/sea_config.js
ERR: 非法操作:慕课网-学习计划_files

[ 2015-11-17T22:03:13+08:00 ] ::1 /think04/Home/Plan/%E6%85%95%E8%AF%BE%E7%BD%91-%E5%AD%A6%E4%B9%A0%E8%AE%A1%E5%88%92_files/h.js
ERR: 非法操作:慕课网-学习计划_files

[ 2015-11-17T22:03:17+08:00 ] ::1 /think04/Home/Plan/%E6%85%95%E8%AF%BE%E7%BD%91-%E5%AD%A6%E4%B9%A0%E8%AE%A1%E5%88%92_files/ssologin.js
ERR: 非法操作:慕课网-学习计划_files

[ 2015-11-17T22:03:18+08:00 ] ::1 /think04/Home/Plan/%E6%85%95%E8%AF%BE%E7%BD%91-%E5%AD%A6%E4%B9%A0%E8%AE%A1%E5%88%92_files/sea.js
ERR: 非法操作:慕课网-学习计划_files

[ 2015-11-17T22:03:18+08:00 ] ::1 /think04/Home/Plan/%E6%85%95%E8%AF%BE%E7%BD%91-%E5%AD%A6%E4%B9%A0%E8%AE%A1%E5%88%92_files/sea_config.js
ERR: 非法操作:慕课网-学习计划_files

[ 2015-11-17T22:03:18+08:00 ] ::1 /think04/Home/Plan/%E6%85%95%E8%AF%BE%E7%BD%91-%E5%AD%A6%E4%B9%A0%E8%AE%A1%E5%88%92_files/h.js
ERR: 非法操作:慕课网-学习计划_files

[ 2015-11-17T22:03:57+08:00 ] ::1 /think04/Home/Plan/%E6%85%95%E8%AF%BE%E7%BD%91-%E5%AD%A6%E4%B9%A0%E8%AE%A1%E5%88%92_files/ssologin.js
ERR: 非法操作:慕课网-学习计划_files

[ 2015-11-17T22:03:57+08:00 ] ::1 /think04/Home/Plan/%E6%85%95%E8%AF%BE%E7%BD%91-%E5%AD%A6%E4%B9%A0%E8%AE%A1%E5%88%92_files/h.js
ERR: 非法操作:慕课网-学习计划_files

[ 2015-11-17T22:03:57+08:00 ] ::1 /think04/Home/Plan/%E6%85%95%E8%AF%BE%E7%BD%91-%E5%AD%A6%E4%B9%A0%E8%AE%A1%E5%88%92_files/sea_config.js
ERR: 非法操作:慕课网-学习计划_files

[ 2015-11-17T22:03:57+08:00 ] ::1 /think04/Home/Plan/%E6%85%95%E8%AF%BE%E7%BD%91-%E5%AD%A6%E4%B9%A0%E8%AE%A1%E5%88%92_files/sea.js
ERR: 非法操作:慕课网-学习计划_files

[ 2015-11-17T22:07:41+08:00 ] ::1 /think04/Home/View/xi_ajaxName.html?id=5
INFO: [ app_begin ] --START--
INFO: Run Behavior\ReadHtmlCacheBehavior [ RunTime:0.002101s ]
INFO: [ app_begin ] --END-- [ RunTime:0.003096s ]
SQL: SHOW COLUMNS FROM `ju_zizhang` [ RunTime:0.112987s ]
SQL: SELECT `id`,`xi_name`,`video_id` FROM `ju_zizhang` WHERE ( `zh_id` = 5 ) ORDER BY id desc  [ RunTime:0.000431s ]

[ 2015-11-17T22:11:22+08:00 ] ::1 /think04/Home/View/xi_ajaxName.html?id=5
INFO: [ app_begin ] --START--
INFO: Run Behavior\ReadHtmlCacheBehavior [ RunTime:0.001480s ]
INFO: [ app_begin ] --END-- [ RunTime:0.002264s ]
SQL: SHOW COLUMNS FROM `ju_zizhang` [ RunTime:0.004958s ]
SQL: SELECT `id`,`xi_name`,`video_id` FROM `ju_zizhang` WHERE ( `zh_id` = 5 ) ORDER BY id desc  [ RunTime:0.000293s ]

[ 2015-11-17T22:11:24+08:00 ] ::1 /think04/Home/View/xi_ajaxName.html?id=13
INFO: [ app_begin ] --START--
INFO: Run Behavior\ReadHtmlCacheBehavior [ RunTime:0.001438s ]
INFO: [ app_begin ] --END-- [ RunTime:0.002290s ]
SQL: SHOW COLUMNS FROM `ju_zizhang` [ RunTime:0.005291s ]
SQL: SELECT `id`,`xi_name`,`video_id` FROM `ju_zizhang` WHERE ( `zh_id` = 13 ) ORDER BY id desc  [ RunTime:0.000367s ]

[ 2015-11-17T22:11:25+08:00 ] ::1 /think04/Home/View/xi_ajaxName.html?id=5
INFO: [ app_begin ] --START--
INFO: Run Behavior\ReadHtmlCacheBehavior [ RunTime:0.001434s ]
INFO: [ app_begin ] --END-- [ RunTime:0.002183s ]
SQL: SHOW COLUMNS FROM `ju_zizhang` [ RunTime:0.005144s ]
SQL: SELECT `id`,`xi_name`,`video_id` FROM `ju_zizhang` WHERE ( `zh_id` = 5 ) ORDER BY id desc  [ RunTime:0.000331s ]

[ 2015-11-17T22:11:26+08:00 ] ::1 /think04/Home/View/xi_ajaxName.html?id=13
INFO: [ app_begin ] --START--
INFO: Run Behavior\ReadHtmlCacheBehavior [ RunTime:0.001615s ]
INFO: [ app_begin ] --END-- [ RunTime:0.002497s ]
SQL: SHOW COLUMNS FROM `ju_zizhang` [ RunTime:0.005579s ]
SQL: SELECT `id`,`xi_name`,`video_id` FROM `ju_zizhang` WHERE ( `zh_id` = 13 ) ORDER BY id desc  [ RunTime:0.000332s ]

[ 2015-11-17T22:51:36+08:00 ] ::1 /think04/
ERR: 无法加载控制器:Index

