[ 2015-11-16T09:28:26+08:00 ] ::1 /think04/
ERR: 无法加载控制器:Index

[ 2015-11-16T09:28:32+08:00 ] ::1 /think04/home/%E6%85%95%E8%AF%BE%E7%BD%91-%E5%AD%A6%E4%B9%A0%E8%AE%A1%E5%88%92_files/h.js
ERR: 无法加载控制器:慕课网-学习计划_files

[ 2015-11-16T09:28:32+08:00 ] ::1 /think04/home/%E6%85%95%E8%AF%BE%E7%BD%91-%E5%AD%A6%E4%B9%A0%E8%AE%A1%E5%88%92_files/ssologin.js
ERR: 无法加载控制器:慕课网-学习计划_files

[ 2015-11-16T09:28:32+08:00 ] ::1 /think04/home/%E6%85%95%E8%AF%BE%E7%BD%91-%E5%AD%A6%E4%B9%A0%E8%AE%A1%E5%88%92_files/sea.js
ERR: 无法加载控制器:慕课网-学习计划_files

[ 2015-11-16T09:28:32+08:00 ] ::1 /think04/home/%E6%85%95%E8%AF%BE%E7%BD%91-%E5%AD%A6%E4%B9%A0%E8%AE%A1%E5%88%92_files/sea_config.js
ERR: 无法加载控制器:慕课网-学习计划_files

[ 2015-11-16T10:25:05+08:00 ] ::1 /think04/home/%E6%85%95%E8%AF%BE%E7%BD%91-%E5%AD%A6%E4%B9%A0%E8%AE%A1%E5%88%92_files/ssologin.js
ERR: 无法加载控制器:慕课网-学习计划_files

[ 2015-11-16T10:25:05+08:00 ] ::1 /think04/home/%E6%85%95%E8%AF%BE%E7%BD%91-%E5%AD%A6%E4%B9%A0%E8%AE%A1%E5%88%92_files/sea.js
ERR: 无法加载控制器:慕课网-学习计划_files

[ 2015-11-16T10:25:05+08:00 ] ::1 /think04/home/%E6%85%95%E8%AF%BE%E7%BD%91-%E5%AD%A6%E4%B9%A0%E8%AE%A1%E5%88%92_files/sea_config.js
ERR: 无法加载控制器:慕课网-学习计划_files

[ 2015-11-16T10:25:05+08:00 ] ::1 /think04/home/%E6%85%95%E8%AF%BE%E7%BD%91-%E5%AD%A6%E4%B9%A0%E8%AE%A1%E5%88%92_files/h.js
ERR: 无法加载控制器:慕课网-学习计划_files

[ 2015-11-16T10:26:38+08:00 ] ::1 /think04/home/%E6%85%95%E8%AF%BE%E7%BD%91-%E5%AD%A6%E4%B9%A0%E8%AE%A1%E5%88%92_files/ssologin.js
ERR: 无法加载控制器:慕课网-学习计划_files

[ 2015-11-16T10:26:38+08:00 ] ::1 /think04/home/%E6%85%95%E8%AF%BE%E7%BD%91-%E5%AD%A6%E4%B9%A0%E8%AE%A1%E5%88%92_files/sea.js
ERR: 无法加载控制器:慕课网-学习计划_files

[ 2015-11-16T10:26:38+08:00 ] ::1 /think04/home/%E6%85%95%E8%AF%BE%E7%BD%91-%E5%AD%A6%E4%B9%A0%E8%AE%A1%E5%88%92_files/sea_config.js
ERR: 无法加载控制器:慕课网-学习计划_files

[ 2015-11-16T10:26:38+08:00 ] ::1 /think04/home/%E6%85%95%E8%AF%BE%E7%BD%91-%E5%AD%A6%E4%B9%A0%E8%AE%A1%E5%88%92_files/h.js
ERR: 无法加载控制器:慕课网-学习计划_files

[ 2015-11-16T10:27:13+08:00 ] ::1 /think04/home/%E6%85%95%E8%AF%BE%E7%BD%91-%E5%AD%A6%E4%B9%A0%E8%AE%A1%E5%88%92_files/ssologin.js
ERR: 无法加载控制器:慕课网-学习计划_files

[ 2015-11-16T10:27:13+08:00 ] ::1 /think04/home/%E6%85%95%E8%AF%BE%E7%BD%91-%E5%AD%A6%E4%B9%A0%E8%AE%A1%E5%88%92_files/sea.js
ERR: 无法加载控制器:慕课网-学习计划_files

[ 2015-11-16T10:27:13+08:00 ] ::1 /think04/home/%E6%85%95%E8%AF%BE%E7%BD%91-%E5%AD%A6%E4%B9%A0%E8%AE%A1%E5%88%92_files/h.js
ERR: 无法加载控制器:慕课网-学习计划_files

[ 2015-11-16T10:27:13+08:00 ] ::1 /think04/home/%E6%85%95%E8%AF%BE%E7%BD%91-%E5%AD%A6%E4%B9%A0%E8%AE%A1%E5%88%92_files/sea_config.js
ERR: 无法加载控制器:慕课网-学习计划_files

[ 2015-11-16T10:27:31+08:00 ] ::1 /think04/home/%E6%85%95%E8%AF%BE%E7%BD%91-%E5%AD%A6%E4%B9%A0%E8%AE%A1%E5%88%92_files/ssologin.js
ERR: 无法加载控制器:慕课网-学习计划_files

[ 2015-11-16T10:27:31+08:00 ] ::1 /think04/home/%E6%85%95%E8%AF%BE%E7%BD%91-%E5%AD%A6%E4%B9%A0%E8%AE%A1%E5%88%92_files/sea.js
ERR: 无法加载控制器:慕课网-学习计划_files

[ 2015-11-16T10:27:31+08:00 ] ::1 /think04/home/%E6%85%95%E8%AF%BE%E7%BD%91-%E5%AD%A6%E4%B9%A0%E8%AE%A1%E5%88%92_files/sea_config.js
ERR: 无法加载控制器:慕课网-学习计划_files

[ 2015-11-16T10:27:31+08:00 ] ::1 /think04/home/%E6%85%95%E8%AF%BE%E7%BD%91-%E5%AD%A6%E4%B9%A0%E8%AE%A1%E5%88%92_files/h.js
ERR: 无法加载控制器:慕课网-学习计划_files

[ 2015-11-16T10:29:49+08:00 ] ::1 /think04/home/%E6%85%95%E8%AF%BE%E7%BD%91-%E5%AD%A6%E4%B9%A0%E8%AE%A1%E5%88%92_files/ssologin.js
ERR: 无法加载控制器:慕课网-学习计划_files

[ 2015-11-16T10:29:49+08:00 ] ::1 /think04/home/%E6%85%95%E8%AF%BE%E7%BD%91-%E5%AD%A6%E4%B9%A0%E8%AE%A1%E5%88%92_files/sea_config.js
ERR: 无法加载控制器:慕课网-学习计划_files

[ 2015-11-16T10:29:49+08:00 ] ::1 /think04/home/%E6%85%95%E8%AF%BE%E7%BD%91-%E5%AD%A6%E4%B9%A0%E8%AE%A1%E5%88%92_files/sea.js
ERR: 无法加载控制器:慕课网-学习计划_files

[ 2015-11-16T10:29:49+08:00 ] ::1 /think04/home/%E6%85%95%E8%AF%BE%E7%BD%91-%E5%AD%A6%E4%B9%A0%E8%AE%A1%E5%88%92_files/h.js
ERR: 无法加载控制器:慕课网-学习计划_files

[ 2015-11-16T10:30:02+08:00 ] ::1 /think04/home/%E6%85%95%E8%AF%BE%E7%BD%91-%E5%AD%A6%E4%B9%A0%E8%AE%A1%E5%88%92_files/ssologin.js
ERR: 无法加载控制器:慕课网-学习计划_files

[ 2015-11-16T10:30:02+08:00 ] ::1 /think04/home/%E6%85%95%E8%AF%BE%E7%BD%91-%E5%AD%A6%E4%B9%A0%E8%AE%A1%E5%88%92_files/sea.js
ERR: 无法加载控制器:慕课网-学习计划_files

[ 2015-11-16T10:30:02+08:00 ] ::1 /think04/home/%E6%85%95%E8%AF%BE%E7%BD%91-%E5%AD%A6%E4%B9%A0%E8%AE%A1%E5%88%92_files/sea_config.js
ERR: 无法加载控制器:慕课网-学习计划_files

[ 2015-11-16T10:30:02+08:00 ] ::1 /think04/home/%E6%85%95%E8%AF%BE%E7%BD%91-%E5%AD%A6%E4%B9%A0%E8%AE%A1%E5%88%92_files/h.js
ERR: 无法加载控制器:慕课网-学习计划_files

[ 2015-11-16T10:35:10+08:00 ] ::1 /think04/home/%E6%85%95%E8%AF%BE%E7%BD%91-%E5%AD%A6%E4%B9%A0%E8%AE%A1%E5%88%92_files/ssologin.js
ERR: 无法加载控制器:慕课网-学习计划_files

[ 2015-11-16T10:35:10+08:00 ] ::1 /think04/home/%E6%85%95%E8%AF%BE%E7%BD%91-%E5%AD%A6%E4%B9%A0%E8%AE%A1%E5%88%92_files/sea.js
ERR: 无法加载控制器:慕课网-学习计划_files

[ 2015-11-16T10:35:10+08:00 ] ::1 /think04/home/%E6%85%95%E8%AF%BE%E7%BD%91-%E5%AD%A6%E4%B9%A0%E8%AE%A1%E5%88%92_files/h.js
ERR: 无法加载控制器:慕课网-学习计划_files

[ 2015-11-16T10:35:10+08:00 ] ::1 /think04/home/%E6%85%95%E8%AF%BE%E7%BD%91-%E5%AD%A6%E4%B9%A0%E8%AE%A1%E5%88%92_files/sea_config.js
ERR: 无法加载控制器:慕课网-学习计划_files

[ 2015-11-16T10:35:40+08:00 ] ::1 /think04/home/%E6%85%95%E8%AF%BE%E7%BD%91-%E5%AD%A6%E4%B9%A0%E8%AE%A1%E5%88%92_files/sea_config.js
ERR: 无法加载控制器:慕课网-学习计划_files

[ 2015-11-16T10:35:40+08:00 ] ::1 /think04/home/%E6%85%95%E8%AF%BE%E7%BD%91-%E5%AD%A6%E4%B9%A0%E8%AE%A1%E5%88%92_files/sea.js
ERR: 无法加载控制器:慕课网-学习计划_files

[ 2015-11-16T10:35:40+08:00 ] ::1 /think04/home/%E6%85%95%E8%AF%BE%E7%BD%91-%E5%AD%A6%E4%B9%A0%E8%AE%A1%E5%88%92_files/ssologin.js
ERR: 无法加载控制器:慕课网-学习计划_files

[ 2015-11-16T10:35:40+08:00 ] ::1 /think04/home/%E6%85%95%E8%AF%BE%E7%BD%91-%E5%AD%A6%E4%B9%A0%E8%AE%A1%E5%88%92_files/h.js
ERR: 无法加载控制器:慕课网-学习计划_files

[ 2015-11-16T10:36:36+08:00 ] ::1 /think04/home/%E6%85%95%E8%AF%BE%E7%BD%91-%E5%AD%A6%E4%B9%A0%E8%AE%A1%E5%88%92_files/ssologin.js
ERR: 无法加载控制器:慕课网-学习计划_files

[ 2015-11-16T10:36:36+08:00 ] ::1 /think04/home/%E6%85%95%E8%AF%BE%E7%BD%91-%E5%AD%A6%E4%B9%A0%E8%AE%A1%E5%88%92_files/sea.js
ERR: 无法加载控制器:慕课网-学习计划_files

[ 2015-11-16T10:36:36+08:00 ] ::1 /think04/home/%E6%85%95%E8%AF%BE%E7%BD%91-%E5%AD%A6%E4%B9%A0%E8%AE%A1%E5%88%92_files/sea_config.js
ERR: 无法加载控制器:慕课网-学习计划_files

[ 2015-11-16T10:36:36+08:00 ] ::1 /think04/home/%E6%85%95%E8%AF%BE%E7%BD%91-%E5%AD%A6%E4%B9%A0%E8%AE%A1%E5%88%92_files/h.js
ERR: 无法加载控制器:慕课网-学习计划_files

[ 2015-11-16T10:37:20+08:00 ] ::1 /think04/home/%E6%85%95%E8%AF%BE%E7%BD%91-%E5%AD%A6%E4%B9%A0%E8%AE%A1%E5%88%92_files/ssologin.js
ERR: 无法加载控制器:慕课网-学习计划_files

[ 2015-11-16T10:37:20+08:00 ] ::1 /think04/home/%E6%85%95%E8%AF%BE%E7%BD%91-%E5%AD%A6%E4%B9%A0%E8%AE%A1%E5%88%92_files/sea.js
ERR: 无法加载控制器:慕课网-学习计划_files

[ 2015-11-16T10:37:20+08:00 ] ::1 /think04/home/%E6%85%95%E8%AF%BE%E7%BD%91-%E5%AD%A6%E4%B9%A0%E8%AE%A1%E5%88%92_files/sea_config.js
ERR: 无法加载控制器:慕课网-学习计划_files

[ 2015-11-16T10:37:20+08:00 ] ::1 /think04/home/%E6%85%95%E8%AF%BE%E7%BD%91-%E5%AD%A6%E4%B9%A0%E8%AE%A1%E5%88%92_files/h.js
ERR: 无法加载控制器:慕课网-学习计划_files

[ 2015-11-16T10:38:09+08:00 ] ::1 /think04/home/%E6%85%95%E8%AF%BE%E7%BD%91-%E5%AD%A6%E4%B9%A0%E8%AE%A1%E5%88%92_files/ssologin.js
ERR: 无法加载控制器:慕课网-学习计划_files

[ 2015-11-16T10:38:09+08:00 ] ::1 /think04/home/%E6%85%95%E8%AF%BE%E7%BD%91-%E5%AD%A6%E4%B9%A0%E8%AE%A1%E5%88%92_files/sea_config.js
ERR: 无法加载控制器:慕课网-学习计划_files

[ 2015-11-16T10:38:09+08:00 ] ::1 /think04/home/%E6%85%95%E8%AF%BE%E7%BD%91-%E5%AD%A6%E4%B9%A0%E8%AE%A1%E5%88%92_files/sea.js
ERR: 无法加载控制器:慕课网-学习计划_files

[ 2015-11-16T10:38:09+08:00 ] ::1 /think04/home/%E6%85%95%E8%AF%BE%E7%BD%91-%E5%AD%A6%E4%B9%A0%E8%AE%A1%E5%88%92_files/h.js
ERR: 无法加载控制器:慕课网-学习计划_files

[ 2015-11-16T10:38:53+08:00 ] ::1 /think04/home/%E6%85%95%E8%AF%BE%E7%BD%91-%E5%AD%A6%E4%B9%A0%E8%AE%A1%E5%88%92_files/ssologin.js
ERR: 无法加载控制器:慕课网-学习计划_files

[ 2015-11-16T10:38:53+08:00 ] ::1 /think04/home/%E6%85%95%E8%AF%BE%E7%BD%91-%E5%AD%A6%E4%B9%A0%E8%AE%A1%E5%88%92_files/sea.js
ERR: 无法加载控制器:慕课网-学习计划_files

[ 2015-11-16T10:38:53+08:00 ] ::1 /think04/home/%E6%85%95%E8%AF%BE%E7%BD%91-%E5%AD%A6%E4%B9%A0%E8%AE%A1%E5%88%92_files/h.js
ERR: 无法加载控制器:慕课网-学习计划_files

[ 2015-11-16T10:38:53+08:00 ] ::1 /think04/home/%E6%85%95%E8%AF%BE%E7%BD%91-%E5%AD%A6%E4%B9%A0%E8%AE%A1%E5%88%92_files/sea_config.js
ERR: 无法加载控制器:慕课网-学习计划_files

[ 2015-11-16T10:39:53+08:00 ] ::1 /think04/home/%E6%85%95%E8%AF%BE%E7%BD%91-%E5%AD%A6%E4%B9%A0%E8%AE%A1%E5%88%92_files/ssologin.js
ERR: 无法加载控制器:慕课网-学习计划_files

[ 2015-11-16T10:39:53+08:00 ] ::1 /think04/home/%E6%85%95%E8%AF%BE%E7%BD%91-%E5%AD%A6%E4%B9%A0%E8%AE%A1%E5%88%92_files/sea.js
ERR: 无法加载控制器:慕课网-学习计划_files

[ 2015-11-16T10:39:53+08:00 ] ::1 /think04/home/%E6%85%95%E8%AF%BE%E7%BD%91-%E5%AD%A6%E4%B9%A0%E8%AE%A1%E5%88%92_files/h.js
ERR: 无法加载控制器:慕课网-学习计划_files

[ 2015-11-16T10:39:53+08:00 ] ::1 /think04/home/%E6%85%95%E8%AF%BE%E7%BD%91-%E5%AD%A6%E4%B9%A0%E8%AE%A1%E5%88%92_files/sea_config.js
ERR: 无法加载控制器:慕课网-学习计划_files

[ 2015-11-16T10:40:10+08:00 ] ::1 /think04/home/%E6%85%95%E8%AF%BE%E7%BD%91-%E5%AD%A6%E4%B9%A0%E8%AE%A1%E5%88%92_files/ssologin.js
ERR: 无法加载控制器:慕课网-学习计划_files

[ 2015-11-16T10:40:10+08:00 ] ::1 /think04/home/%E6%85%95%E8%AF%BE%E7%BD%91-%E5%AD%A6%E4%B9%A0%E8%AE%A1%E5%88%92_files/sea.js
ERR: 无法加载控制器:慕课网-学习计划_files

[ 2015-11-16T10:40:10+08:00 ] ::1 /think04/home/%E6%85%95%E8%AF%BE%E7%BD%91-%E5%AD%A6%E4%B9%A0%E8%AE%A1%E5%88%92_files/sea_config.js
ERR: 无法加载控制器:慕课网-学习计划_files

[ 2015-11-16T10:40:10+08:00 ] ::1 /think04/home/%E6%85%95%E8%AF%BE%E7%BD%91-%E5%AD%A6%E4%B9%A0%E8%AE%A1%E5%88%92_files/h.js
ERR: 无法加载控制器:慕课网-学习计划_files

[ 2015-11-16T10:41:11+08:00 ] ::1 /think04/home/%E6%85%95%E8%AF%BE%E7%BD%91-%E5%AD%A6%E4%B9%A0%E8%AE%A1%E5%88%92_files/ssologin.js
ERR: 无法加载控制器:慕课网-学习计划_files

[ 2015-11-16T10:41:11+08:00 ] ::1 /think04/home/%E6%85%95%E8%AF%BE%E7%BD%91-%E5%AD%A6%E4%B9%A0%E8%AE%A1%E5%88%92_files/sea.js
ERR: 无法加载控制器:慕课网-学习计划_files

[ 2015-11-16T10:41:11+08:00 ] ::1 /think04/home/%E6%85%95%E8%AF%BE%E7%BD%91-%E5%AD%A6%E4%B9%A0%E8%AE%A1%E5%88%92_files/sea_config.js
ERR: 无法加载控制器:慕课网-学习计划_files

[ 2015-11-16T10:41:11+08:00 ] ::1 /think04/home/%E6%85%95%E8%AF%BE%E7%BD%91-%E5%AD%A6%E4%B9%A0%E8%AE%A1%E5%88%92_files/h.js
ERR: 无法加载控制器:慕课网-学习计划_files

[ 2015-11-16T10:45:01+08:00 ] ::1 /think04/home/%E6%85%95%E8%AF%BE%E7%BD%91-%E5%AD%A6%E4%B9%A0%E8%AE%A1%E5%88%92_files/ssologin.js
ERR: 无法加载控制器:慕课网-学习计划_files

[ 2015-11-16T10:45:01+08:00 ] ::1 /think04/home/%E6%85%95%E8%AF%BE%E7%BD%91-%E5%AD%A6%E4%B9%A0%E8%AE%A1%E5%88%92_files/sea.js
ERR: 无法加载控制器:慕课网-学习计划_files

[ 2015-11-16T10:45:01+08:00 ] ::1 /think04/home/%E6%85%95%E8%AF%BE%E7%BD%91-%E5%AD%A6%E4%B9%A0%E8%AE%A1%E5%88%92_files/sea_config.js
ERR: 无法加载控制器:慕课网-学习计划_files

[ 2015-11-16T10:45:01+08:00 ] ::1 /think04/home/%E6%85%95%E8%AF%BE%E7%BD%91-%E5%AD%A6%E4%B9%A0%E8%AE%A1%E5%88%92_files/h.js
ERR: 无法加载控制器:慕课网-学习计划_files

[ 2015-11-16T10:53:40+08:00 ] ::1 /think04/home/%E6%85%95%E8%AF%BE%E7%BD%91-%E5%AD%A6%E4%B9%A0%E8%AE%A1%E5%88%92_files/ssologin.js
ERR: 无法加载控制器:慕课网-学习计划_files

[ 2015-11-16T10:53:40+08:00 ] ::1 /think04/home/%E6%85%95%E8%AF%BE%E7%BD%91-%E5%AD%A6%E4%B9%A0%E8%AE%A1%E5%88%92_files/sea.js
ERR: 无法加载控制器:慕课网-学习计划_files

[ 2015-11-16T10:53:40+08:00 ] ::1 /think04/home/%E6%85%95%E8%AF%BE%E7%BD%91-%E5%AD%A6%E4%B9%A0%E8%AE%A1%E5%88%92_files/sea_config.js
ERR: 无法加载控制器:慕课网-学习计划_files

[ 2015-11-16T10:53:40+08:00 ] ::1 /think04/home/%E6%85%95%E8%AF%BE%E7%BD%91-%E5%AD%A6%E4%B9%A0%E8%AE%A1%E5%88%92_files/h.js
ERR: 无法加载控制器:慕课网-学习计划_files

[ 2015-11-16T11:38:41+08:00 ] ::1 /think04/Home/Plan/plandetail/id/1.html
ERR: XML标签语法错误 : name="<?php echo ($val["path"]); ?

[ 2015-11-16T11:40:13+08:00 ] ::1 /think04/Home/Plan/plandetail/id/1.html
ERR: XML标签语法错误 : name="<?php echo ($val["path"]); ?

[ 2015-11-16T11:43:00+08:00 ] ::1 /think04/Home/Plan/plandetail/id/1.html
ERR: XML标签语法错误 : name="<?php echo ($val["path"]); ?

[ 2015-11-16T11:43:49+08:00 ] ::1 /think04/Home/Plan/plandetail/id/1.html
ERR: XML标签语法错误 : name="<?php echo ($val['path']); ?

[ 2015-11-16T18:13:30+08:00 ] ::1 /think04/Home/%E6%85%95%E8%AF%BE%E7%BD%91-%E5%AD%A6%E4%B9%A0%E8%AE%A1%E5%88%92_files/ssologin.js
ERR: 无法加载控制器:慕课网-学习计划_files

[ 2015-11-16T18:13:30+08:00 ] ::1 /think04/Home/%E6%85%95%E8%AF%BE%E7%BD%91-%E5%AD%A6%E4%B9%A0%E8%AE%A1%E5%88%92_files/sea.js
ERR: 无法加载控制器:慕课网-学习计划_files

[ 2015-11-16T18:13:30+08:00 ] ::1 /think04/Home/%E6%85%95%E8%AF%BE%E7%BD%91-%E5%AD%A6%E4%B9%A0%E8%AE%A1%E5%88%92_files/h.js
ERR: 无法加载控制器:慕课网-学习计划_files

[ 2015-11-16T18:13:30+08:00 ] ::1 /think04/Home/%E6%85%95%E8%AF%BE%E7%BD%91-%E5%AD%A6%E4%B9%A0%E8%AE%A1%E5%88%92_files/sea_config.js
ERR: 无法加载控制器:慕课网-学习计划_files

[ 2015-11-16T19:02:55+08:00 ] ::1 /think04/Home/Plan/pl_ajaxName.html?id=9
INFO: [ app_begin ] --START--
INFO: Run Behavior\ReadHtmlCacheBehavior [ RunTime:0.002188s ]
INFO: [ app_begin ] --END-- [ RunTime:0.003198s ]
SQL: SHOW COLUMNS FROM `ju_lesson` [ RunTime:0.006986s ]
SQL: SELECT * FROM `ju_lesson` WHERE ( `pl_id` = 9 )  [ RunTime:0.000380s ]

[ 2015-11-16T19:04:59+08:00 ] ::1 /think04/Home/Plan/pl_ajaxName.html?id=9
INFO: [ app_begin ] --START--
INFO: Run Behavior\ReadHtmlCacheBehavior [ RunTime:0.002100s ]
INFO: [ app_begin ] --END-- [ RunTime:0.003109s ]
SQL: SHOW COLUMNS FROM `ju_lesson` [ RunTime:0.006235s ]
SQL: SELECT * FROM `ju_lesson` WHERE ( `pl_id` = 9 )  [ RunTime:0.000326s ]

[ 2015-11-16T19:06:08+08:00 ] ::1 /think04/Home/Plan/pl_ajaxName.html?id=9
INFO: [ app_begin ] --START--
INFO: Run Behavior\ReadHtmlCacheBehavior [ RunTime:0.002283s ]
INFO: [ app_begin ] --END-- [ RunTime:0.003685s ]
SQL: SHOW COLUMNS FROM `ju_lesson` [ RunTime:0.006268s ]
SQL: SELECT * FROM `ju_lesson` WHERE ( `pl_id` = 9 )  [ RunTime:0.000337s ]

[ 2015-11-16T19:08:24+08:00 ] ::1 /think04/Home/Plan/pl_ajaxName.html?id=9
INFO: [ app_begin ] --START--
INFO: Run Behavior\ReadHtmlCacheBehavior [ RunTime:0.002006s ]
INFO: [ app_begin ] --END-- [ RunTime:0.002909s ]
SQL: SHOW COLUMNS FROM `ju_lesson` [ RunTime:0.023011s ]
SQL: SELECT * FROM `ju_lesson` WHERE ( `pl_id` = 9 )  [ RunTime:0.001140s ]

[ 2015-11-16T19:08:25+08:00 ] ::1 /think04/Home/Plan/pl_ajaxName.html?id=9
INFO: [ app_begin ] --START--
INFO: Run Behavior\ReadHtmlCacheBehavior [ RunTime:0.001500s ]
INFO: [ app_begin ] --END-- [ RunTime:0.002273s ]
SQL: SHOW COLUMNS FROM `ju_lesson` [ RunTime:0.021503s ]
SQL: SELECT * FROM `ju_lesson` WHERE ( `pl_id` = 9 )  [ RunTime:0.001456s ]

[ 2015-11-16T19:08:26+08:00 ] ::1 /think04/Home/Plan/pl_ajaxName.html?id=9
INFO: [ app_begin ] --START--
INFO: Run Behavior\ReadHtmlCacheBehavior [ RunTime:0.001499s ]
INFO: [ app_begin ] --END-- [ RunTime:0.002236s ]
SQL: SHOW COLUMNS FROM `ju_lesson` [ RunTime:0.018721s ]
SQL: SELECT * FROM `ju_lesson` WHERE ( `pl_id` = 9 )  [ RunTime:0.001025s ]

[ 2015-11-16T19:10:19+08:00 ] ::1 /think04/Home/Plan/pl_ajaxName.html?id=9
INFO: [ app_begin ] --START--
INFO: Run Behavior\ReadHtmlCacheBehavior [ RunTime:0.001986s ]
INFO: [ app_begin ] --END-- [ RunTime:0.002877s ]
SQL: SHOW COLUMNS FROM `ju_lesson` [ RunTime:0.006289s ]
SQL: SELECT * FROM `ju_lesson` WHERE ( `pl_id` = 9 )  [ RunTime:0.000370s ]

[ 2015-11-16T19:10:21+08:00 ] ::1 /think04/Home/Plan/pl_ajaxName.html?id=9
INFO: [ app_begin ] --START--
INFO: Run Behavior\ReadHtmlCacheBehavior [ RunTime:0.001326s ]
INFO: [ app_begin ] --END-- [ RunTime:0.002050s ]
SQL: SHOW COLUMNS FROM `ju_lesson` [ RunTime:0.006167s ]
SQL: SELECT * FROM `ju_lesson` WHERE ( `pl_id` = 9 )  [ RunTime:0.000338s ]

[ 2015-11-16T19:10:27+08:00 ] ::1 /think04/Home/Plan/pl_ajaxName.html?id=9
INFO: [ app_begin ] --START--
INFO: Run Behavior\ReadHtmlCacheBehavior [ RunTime:0.002002s ]
INFO: [ app_begin ] --END-- [ RunTime:0.002901s ]
SQL: SHOW COLUMNS FROM `ju_lesson` [ RunTime:0.007087s ]
SQL: SELECT * FROM `ju_lesson` WHERE ( `pl_id` = 9 )  [ RunTime:0.000469s ]

[ 2015-11-16T19:12:09+08:00 ] ::1 /think04/Home/Plan/pl_ajaxName.html?id=9
INFO: [ app_begin ] --START--
INFO: Run Behavior\ReadHtmlCacheBehavior [ RunTime:0.002310s ]
INFO: [ app_begin ] --END-- [ RunTime:0.003417s ]
SQL: SHOW COLUMNS FROM `ju_lesson` [ RunTime:0.019781s ]
SQL: SELECT * FROM `ju_lesson` WHERE ( `pl_id` = 9 )  [ RunTime:0.000602s ]

[ 2015-11-16T19:16:00+08:00 ] ::1 /think04/Home/Plan/pl_ajaxName.html?id=9
INFO: [ app_begin ] --START--
INFO: Run Behavior\ReadHtmlCacheBehavior [ RunTime:0.001940s ]
INFO: [ app_begin ] --END-- [ RunTime:0.002844s ]
SQL: SHOW COLUMNS FROM `ju_lesson` [ RunTime:0.022956s ]
SQL: SELECT * FROM `ju_lesson` WHERE ( `pl_id` = 9 )  [ RunTime:0.001250s ]

[ 2015-11-16T19:17:21+08:00 ] ::1 /think04/Home/Plan/pl_ajaxName.html?id=9
INFO: [ app_begin ] --START--
INFO: Run Behavior\ReadHtmlCacheBehavior [ RunTime:0.002371s ]
INFO: [ app_begin ] --END-- [ RunTime:0.003450s ]
SQL: SHOW COLUMNS FROM `ju_lesson` [ RunTime:0.006123s ]
SQL: SELECT * FROM `ju_lesson` WHERE ( `pl_id` = 9 )  [ RunTime:0.000363s ]

[ 2015-11-16T19:19:04+08:00 ] ::1 /think04/Home/Plan/pl_ajaxName.html?id=9
INFO: [ app_begin ] --START--
INFO: Run Behavior\ReadHtmlCacheBehavior [ RunTime:0.002122s ]
INFO: [ app_begin ] --END-- [ RunTime:0.003091s ]
SQL: SHOW COLUMNS FROM `ju_lesson` [ RunTime:0.006276s ]
SQL: SELECT * FROM `ju_lesson` WHERE ( `pl_id` = 9 )  [ RunTime:0.000342s ]

[ 2015-11-16T19:23:53+08:00 ] 127.0.0.1 /think04/
ERR: 无法加载控制器:Index

[ 2015-11-16T19:24:15+08:00 ] 127.0.0.1 /think04/home/%E6%85%95%E8%AF%BE%E7%BD%91-%E5%AD%A6%E4%B9%A0%E8%AE%A1%E5%88%92_files/sea_config.js
ERR: 无法加载控制器:慕课网-学习计划_files

[ 2015-11-16T19:24:15+08:00 ] 127.0.0.1 /think04/home/%E6%85%95%E8%AF%BE%E7%BD%91-%E5%AD%A6%E4%B9%A0%E8%AE%A1%E5%88%92_files/sea.js
ERR: 无法加载控制器:慕课网-学习计划_files

[ 2015-11-16T19:24:15+08:00 ] 127.0.0.1 /think04/home/%E6%85%95%E8%AF%BE%E7%BD%91-%E5%AD%A6%E4%B9%A0%E8%AE%A1%E5%88%92_files/ssologin.js
ERR: 无法加载控制器:慕课网-学习计划_files

[ 2015-11-16T19:24:15+08:00 ] 127.0.0.1 /think04/home/%E6%85%95%E8%AF%BE%E7%BD%91-%E5%AD%A6%E4%B9%A0%E8%AE%A1%E5%88%92_files/h.js
ERR: 无法加载控制器:慕课网-学习计划_files

[ 2015-11-16T19:24:15+08:00 ] 127.0.0.1 /think04/home/%E6%85%95%E8%AF%BE%E7%BD%91-%E5%AD%A6%E4%B9%A0%E8%AE%A1%E5%88%92_files/sea.js
ERR: 无法加载控制器:慕课网-学习计划_files

[ 2015-11-16T19:24:15+08:00 ] 127.0.0.1 /think04/home/%E6%85%95%E8%AF%BE%E7%BD%91-%E5%AD%A6%E4%B9%A0%E8%AE%A1%E5%88%92_files/sea_config.js
ERR: 无法加载控制器:慕课网-学习计划_files

[ 2015-11-16T19:24:16+08:00 ] 127.0.0.1 /think04/home/%E6%85%95%E8%AF%BE%E7%BD%91-%E5%AD%A6%E4%B9%A0%E8%AE%A1%E5%88%92_files/h.js
ERR: 无法加载控制器:慕课网-学习计划_files

[ 2015-11-16T19:30:39+08:00 ] ::1 /think04/Home/Plan/pl_ajaxName.html?id=9
INFO: [ app_begin ] --START--
INFO: Run Behavior\ReadHtmlCacheBehavior [ RunTime:0.002293s ]
INFO: [ app_begin ] --END-- [ RunTime:0.003346s ]
SQL: SHOW COLUMNS FROM `ju_lesson` [ RunTime:0.006017s ]
SQL: SELECT * FROM `ju_lesson` WHERE ( `pl_id` = 9 )  [ RunTime:0.000356s ]

[ 2015-11-16T19:30:40+08:00 ] ::1 /think04/Home/Plan/pl_ajaxName.html?id=9
INFO: [ app_begin ] --START--
INFO: Run Behavior\ReadHtmlCacheBehavior [ RunTime:0.001494s ]
INFO: [ app_begin ] --END-- [ RunTime:0.002247s ]
SQL: SHOW COLUMNS FROM `ju_lesson` [ RunTime:0.027099s ]
SQL: SELECT * FROM `ju_lesson` WHERE ( `pl_id` = 9 )  [ RunTime:0.000995s ]

[ 2015-11-16T19:30:40+08:00 ] ::1 /think04/Home/Plan/pl_ajaxName.html?id=9
INFO: [ app_begin ] --START--
INFO: Run Behavior\ReadHtmlCacheBehavior [ RunTime:0.001431s ]
INFO: [ app_begin ] --END-- [ RunTime:0.002233s ]
SQL: SHOW COLUMNS FROM `ju_lesson` [ RunTime:0.006093s ]
SQL: SELECT * FROM `ju_lesson` WHERE ( `pl_id` = 9 )  [ RunTime:0.000339s ]

[ 2015-11-16T19:30:40+08:00 ] ::1 /think04/Home/Plan/pl_ajaxName.html?id=9
INFO: [ app_begin ] --START--
INFO: Run Behavior\ReadHtmlCacheBehavior [ RunTime:0.001461s ]
INFO: [ app_begin ] --END-- [ RunTime:0.002196s ]
SQL: SHOW COLUMNS FROM `ju_lesson` [ RunTime:0.006156s ]
SQL: SELECT * FROM `ju_lesson` WHERE ( `pl_id` = 9 )  [ RunTime:0.000347s ]

[ 2015-11-16T19:30:41+08:00 ] ::1 /think04/Home/Plan/pl_ajaxName.html?id=9
INFO: [ app_begin ] --START--
INFO: Run Behavior\ReadHtmlCacheBehavior [ RunTime:0.001366s ]
INFO: [ app_begin ] --END-- [ RunTime:0.002061s ]
SQL: SHOW COLUMNS FROM `ju_lesson` [ RunTime:0.006217s ]
SQL: SELECT * FROM `ju_lesson` WHERE ( `pl_id` = 9 )  [ RunTime:0.000326s ]

[ 2015-11-16T19:30:42+08:00 ] ::1 /think04/Home/Plan/pl_ajaxName.html?id=9
INFO: [ app_begin ] --START--
INFO: Run Behavior\ReadHtmlCacheBehavior [ RunTime:0.001461s ]
INFO: [ app_begin ] --END-- [ RunTime:0.002222s ]
SQL: SHOW COLUMNS FROM `ju_lesson` [ RunTime:0.005920s ]
SQL: SELECT * FROM `ju_lesson` WHERE ( `pl_id` = 9 )  [ RunTime:0.000344s ]

[ 2015-11-16T19:30:42+08:00 ] ::1 /think04/Home/Plan/pl_ajaxName.html?id=9
INFO: [ app_begin ] --START--
INFO: Run Behavior\ReadHtmlCacheBehavior [ RunTime:0.001373s ]
INFO: [ app_begin ] --END-- [ RunTime:0.002108s ]
SQL: SHOW COLUMNS FROM `ju_lesson` [ RunTime:0.006125s ]
SQL: SELECT * FROM `ju_lesson` WHERE ( `pl_id` = 9 )  [ RunTime:0.000337s ]

[ 2015-11-16T19:37:42+08:00 ] ::1 /think04/Home/Plan/pl_ajaxName.html?id=9
INFO: [ app_begin ] --START--
INFO: Run Behavior\ReadHtmlCacheBehavior [ RunTime:0.001969s ]
INFO: [ app_begin ] --END-- [ RunTime:0.002948s ]
SQL: SHOW COLUMNS FROM `ju_lesson` [ RunTime:0.005762s ]
SQL: SELECT * FROM `ju_lesson` WHERE ( `pl_id` = 9 )  [ RunTime:0.000342s ]

[ 2015-11-16T19:38:10+08:00 ] ::1 /think04/Home/Plan/pl_ajaxName.html?id=9
INFO: [ app_begin ] --START--
INFO: Run Behavior\ReadHtmlCacheBehavior [ RunTime:0.001486s ]
INFO: [ app_begin ] --END-- [ RunTime:0.002224s ]
SQL: SHOW COLUMNS FROM `ju_lesson` [ RunTime:0.006362s ]
SQL: SELECT * FROM `ju_lesson` WHERE ( `pl_id` = 9 )  [ RunTime:0.000377s ]

[ 2015-11-16T19:40:24+08:00 ] ::1 /think04/Home/Plan/pl_ajaxName.html?id=9
INFO: [ app_begin ] --START--
INFO: Run Behavior\ReadHtmlCacheBehavior [ RunTime:0.002088s ]
INFO: [ app_begin ] --END-- [ RunTime:0.003066s ]
SQL: SHOW COLUMNS FROM `ju_lesson` [ RunTime:0.005974s ]
SQL: SELECT * FROM `ju_lesson` WHERE ( `pl_id` = 9 )  [ RunTime:0.000419s ]

[ 2015-11-16T19:40:25+08:00 ] ::1 /think04/Home/Plan/pl_ajaxName.html?id=9
INFO: [ app_begin ] --START--
INFO: Run Behavior\ReadHtmlCacheBehavior [ RunTime:0.001427s ]
INFO: [ app_begin ] --END-- [ RunTime:0.002274s ]
SQL: SHOW COLUMNS FROM `ju_lesson` [ RunTime:0.018575s ]
SQL: SELECT * FROM `ju_lesson` WHERE ( `pl_id` = 9 )  [ RunTime:0.000645s ]

[ 2015-11-16T19:40:25+08:00 ] ::1 /think04/Home/Plan/pl_ajaxName.html?id=9
INFO: [ app_begin ] --START--
INFO: Run Behavior\ReadHtmlCacheBehavior [ RunTime:0.001517s ]
INFO: [ app_begin ] --END-- [ RunTime:0.002301s ]
SQL: SHOW COLUMNS FROM `ju_lesson` [ RunTime:0.006273s ]
SQL: SELECT * FROM `ju_lesson` WHERE ( `pl_id` = 9 )  [ RunTime:0.000364s ]

[ 2015-11-16T19:40:51+08:00 ] ::1 /think04/Home/Plan/pl_ajaxName.html?id=9
INFO: [ app_begin ] --START--
INFO: Run Behavior\ReadHtmlCacheBehavior [ RunTime:0.001421s ]
INFO: [ app_begin ] --END-- [ RunTime:0.002131s ]
SQL: SHOW COLUMNS FROM `ju_lesson` [ RunTime:0.006290s ]
SQL: SELECT * FROM `ju_lesson` WHERE ( `pl_id` = 9 )  [ RunTime:0.000415s ]

[ 2015-11-16T19:40:52+08:00 ] ::1 /think04/Home/Plan/pl_ajaxName.html?id=9
INFO: [ app_begin ] --START--
INFO: Run Behavior\ReadHtmlCacheBehavior [ RunTime:0.001612s ]
INFO: [ app_begin ] --END-- [ RunTime:0.002294s ]
SQL: SHOW COLUMNS FROM `ju_lesson` [ RunTime:0.022838s ]
SQL: SELECT * FROM `ju_lesson` WHERE ( `pl_id` = 9 )  [ RunTime:0.000889s ]

[ 2015-11-16T19:40:59+08:00 ] ::1 /think04/Home/Plan/pl_ajaxName.html?id=9
INFO: [ app_begin ] --START--
INFO: Run Behavior\ReadHtmlCacheBehavior [ RunTime:0.001428s ]
INFO: [ app_begin ] --END-- [ RunTime:0.002252s ]
SQL: SHOW COLUMNS FROM `ju_lesson` [ RunTime:0.005790s ]
SQL: SELECT * FROM `ju_lesson` WHERE ( `pl_id` = 9 )  [ RunTime:0.000334s ]

[ 2015-11-16T19:42:33+08:00 ] ::1 /think04/Home/Plan/pl_ajaxName.html?id=9
INFO: [ app_begin ] --START--
INFO: Run Behavior\ReadHtmlCacheBehavior [ RunTime:0.002195s ]
INFO: [ app_begin ] --END-- [ RunTime:0.003170s ]
SQL: SHOW COLUMNS FROM `ju_lesson` [ RunTime:0.006763s ]
SQL: SELECT * FROM `ju_lesson` WHERE ( `pl_id` = 9 )  [ RunTime:0.000395s ]

[ 2015-11-16T19:43:50+08:00 ] ::1 /think04/Home/Plan/pl_ajaxName.html?id=9
INFO: [ app_begin ] --START--
INFO: Run Behavior\ReadHtmlCacheBehavior [ RunTime:0.001479s ]
INFO: [ app_begin ] --END-- [ RunTime:0.002287s ]
SQL: SHOW COLUMNS FROM `ju_lesson` [ RunTime:0.021249s ]
SQL: SELECT * FROM `ju_lesson` WHERE ( `pl_id` = 9 )  [ RunTime:0.001197s ]

[ 2015-11-16T19:44:08+08:00 ] ::1 /think04/Home/Plan/pl_ajaxName.html?id=9
INFO: [ app_begin ] --START--
INFO: Run Behavior\ReadHtmlCacheBehavior [ RunTime:0.001403s ]
INFO: [ app_begin ] --END-- [ RunTime:0.002147s ]
SQL: SHOW COLUMNS FROM `ju_lesson` [ RunTime:0.019333s ]
SQL: SELECT * FROM `ju_lesson` WHERE ( `pl_id` = 9 )  [ RunTime:0.000718s ]

[ 2015-11-16T19:44:09+08:00 ] ::1 /think04/Home/Plan/pl_ajaxName.html?id=9
INFO: [ app_begin ] --START--
INFO: Run Behavior\ReadHtmlCacheBehavior [ RunTime:0.001594s ]
INFO: [ app_begin ] --END-- [ RunTime:0.002459s ]
SQL: SHOW COLUMNS FROM `ju_lesson` [ RunTime:0.005838s ]
SQL: SELECT * FROM `ju_lesson` WHERE ( `pl_id` = 9 )  [ RunTime:0.000528s ]

[ 2015-11-16T19:44:23+08:00 ] ::1 /think04/Home/Plan/pl_ajaxName.html?id=9
INFO: [ app_begin ] --START--
INFO: Run Behavior\ReadHtmlCacheBehavior [ RunTime:0.002057s ]
INFO: [ app_begin ] --END-- [ RunTime:0.003123s ]
SQL: SHOW COLUMNS FROM `ju_lesson` [ RunTime:0.006046s ]
SQL: SELECT * FROM `ju_lesson` WHERE ( `pl_id` = 9 )  [ RunTime:0.000395s ]

[ 2015-11-16T19:47:18+08:00 ] ::1 /think04/Home/Plan/pl_ajaxName.html?id=9
INFO: [ app_begin ] --START--
INFO: Run Behavior\ReadHtmlCacheBehavior [ RunTime:0.002266s ]
INFO: [ app_begin ] --END-- [ RunTime:0.003197s ]
SQL: SHOW COLUMNS FROM `ju_lesson` [ RunTime:0.027947s ]
SQL: SELECT * FROM `ju_lesson` WHERE ( `pl_id` = 9 )  [ RunTime:0.001155s ]

[ 2015-11-16T19:49:46+08:00 ] ::1 /think04/Home/Plan/pl_ajaxName.html?id=9
INFO: [ app_begin ] --START--
INFO: Run Behavior\ReadHtmlCacheBehavior [ RunTime:0.002080s ]
INFO: [ app_begin ] --END-- [ RunTime:0.003061s ]
SQL: SHOW COLUMNS FROM `ju_lesson` [ RunTime:0.021131s ]
SQL: SELECT * FROM `ju_lesson` WHERE ( `pl_id` = 9 )  [ RunTime:0.001116s ]

[ 2015-11-16T19:49:47+08:00 ] ::1 /think04/Home/Plan/pl_ajaxName.html?id=10
INFO: [ app_begin ] --START--
INFO: Run Behavior\ReadHtmlCacheBehavior [ RunTime:0.002341s ]
INFO: [ app_begin ] --END-- [ RunTime:0.003469s ]
SQL: SHOW COLUMNS FROM `ju_lesson` [ RunTime:0.021944s ]
SQL: SELECT * FROM `ju_lesson` WHERE ( `pl_id` = 10 )  [ RunTime:0.001033s ]

[ 2015-11-16T19:49:50+08:00 ] ::1 /think04/Home/Plan/pl_ajaxName.html?id=9
INFO: [ app_begin ] --START--
INFO: Run Behavior\ReadHtmlCacheBehavior [ RunTime:0.001509s ]
INFO: [ app_begin ] --END-- [ RunTime:0.002257s ]
SQL: SHOW COLUMNS FROM `ju_lesson` [ RunTime:0.006129s ]
SQL: SELECT * FROM `ju_lesson` WHERE ( `pl_id` = 9 )  [ RunTime:0.000327s ]

[ 2015-11-16T19:50:27+08:00 ] ::1 /think04/Home/Plan/pl_ajaxName.html?id=9
INFO: [ app_begin ] --START--
INFO: Run Behavior\ReadHtmlCacheBehavior [ RunTime:0.001964s ]
INFO: [ app_begin ] --END-- [ RunTime:0.002960s ]
SQL: SHOW COLUMNS FROM `ju_lesson` [ RunTime:0.018100s ]
SQL: SELECT * FROM `ju_lesson` WHERE ( `pl_id` = 9 )  [ RunTime:0.000356s ]

[ 2015-11-16T19:52:37+08:00 ] ::1 /think04/Home/Plan/pl_ajaxName.html?id=11
INFO: [ app_begin ] --START--
INFO: Run Behavior\ReadHtmlCacheBehavior [ RunTime:0.002555s ]
INFO: [ app_begin ] --END-- [ RunTime:0.003661s ]
SQL: SHOW COLUMNS FROM `ju_lesson` [ RunTime:0.008097s ]
SQL: SELECT * FROM `ju_lesson` WHERE ( `pl_id` = 11 )  [ RunTime:0.000352s ]

[ 2015-11-16T19:55:39+08:00 ] ::1 /think04/Home/Plan/pl_ajaxName.html?id=9
INFO: [ app_begin ] --START--
INFO: Run Behavior\ReadHtmlCacheBehavior [ RunTime:0.002492s ]
INFO: [ app_begin ] --END-- [ RunTime:0.003532s ]
SQL: SHOW COLUMNS FROM `ju_lesson` [ RunTime:0.007593s ]
SQL: SELECT * FROM `ju_lesson` WHERE ( `pl_id` = 9 )  [ RunTime:0.000512s ]

[ 2015-11-16T19:56:41+08:00 ] ::1 /think04/Home/Plan/pl_ajaxName.html?id=9
INFO: [ app_begin ] --START--
INFO: Run Behavior\ReadHtmlCacheBehavior [ RunTime:0.003616s ]
INFO: [ app_begin ] --END-- [ RunTime:0.004735s ]
SQL: SHOW COLUMNS FROM `ju_lesson` [ RunTime:0.008480s ]
SQL: SELECT * FROM `ju_lesson` WHERE ( `pl_id` = 9 )  [ RunTime:0.000478s ]

[ 2015-11-16T19:56:43+08:00 ] ::1 /think04/Home/Plan/pl_ajaxName.html?id=9
INFO: [ app_begin ] --START--
INFO: Run Behavior\ReadHtmlCacheBehavior [ RunTime:0.001393s ]
INFO: [ app_begin ] --END-- [ RunTime:0.002107s ]
SQL: SHOW COLUMNS FROM `ju_lesson` [ RunTime:0.022445s ]
SQL: SELECT * FROM `ju_lesson` WHERE ( `pl_id` = 9 )  [ RunTime:0.001203s ]

[ 2015-11-16T19:58:12+08:00 ] ::1 /think04/Home/Plan/pl_ajaxName.html?id=9
INFO: [ app_begin ] --START--
INFO: Run Behavior\ReadHtmlCacheBehavior [ RunTime:0.002546s ]
INFO: [ app_begin ] --END-- [ RunTime:0.003809s ]
SQL: SHOW COLUMNS FROM `ju_lesson` [ RunTime:0.006780s ]
SQL: SELECT * FROM `ju_lesson` WHERE ( `pl_id` = 9 )  [ RunTime:0.000362s ]

[ 2015-11-16T19:58:13+08:00 ] ::1 /think04/Home/Plan/pl_ajaxName.html?id=9
INFO: [ app_begin ] --START--
INFO: Run Behavior\ReadHtmlCacheBehavior [ RunTime:0.001396s ]
INFO: [ app_begin ] --END-- [ RunTime:0.002215s ]
SQL: SHOW COLUMNS FROM `ju_lesson` [ RunTime:0.005756s ]
SQL: SELECT * FROM `ju_lesson` WHERE ( `pl_id` = 9 )  [ RunTime:0.000327s ]

[ 2015-11-16T19:58:52+08:00 ] ::1 /think04/Home/Plan/pl_ajaxName.html?id=9
INFO: [ app_begin ] --START--
INFO: Run Behavior\ReadHtmlCacheBehavior [ RunTime:0.002436s ]
INFO: [ app_begin ] --END-- [ RunTime:0.003407s ]
SQL: SHOW COLUMNS FROM `ju_lesson` [ RunTime:0.011405s ]
SQL: SELECT * FROM `ju_lesson` WHERE ( `pl_id` = 9 )  [ RunTime:0.000561s ]

[ 2015-11-16T19:58:52+08:00 ] ::1 /think04/Home/Plan/pl_ajaxName.html?id=9
INFO: [ app_begin ] --START--
INFO: Run Behavior\ReadHtmlCacheBehavior [ RunTime:0.001411s ]
INFO: [ app_begin ] --END-- [ RunTime:0.002208s ]
SQL: SHOW COLUMNS FROM `ju_lesson` [ RunTime:0.006000s ]
SQL: SELECT * FROM `ju_lesson` WHERE ( `pl_id` = 9 )  [ RunTime:0.000396s ]

[ 2015-11-16T19:58:54+08:00 ] ::1 /think04/Home/Plan/pl_ajaxName.html?id=9
INFO: [ app_begin ] --START--
INFO: Run Behavior\ReadHtmlCacheBehavior [ RunTime:0.001405s ]
INFO: [ app_begin ] --END-- [ RunTime:0.002148s ]
SQL: SHOW COLUMNS FROM `ju_lesson` [ RunTime:0.012423s ]
SQL: SELECT * FROM `ju_lesson` WHERE ( `pl_id` = 9 )  [ RunTime:0.000562s ]

[ 2015-11-16T19:59:02+08:00 ] ::1 /think04/Home/Plan/pl_ajaxName.html?id=9
INFO: [ app_begin ] --START--
INFO: Run Behavior\ReadHtmlCacheBehavior [ RunTime:0.001986s ]
INFO: [ app_begin ] --END-- [ RunTime:0.002913s ]
SQL: SHOW COLUMNS FROM `ju_lesson` [ RunTime:0.017878s ]
SQL: SELECT * FROM `ju_lesson` WHERE ( `pl_id` = 9 )  [ RunTime:0.000858s ]

[ 2015-11-16T20:02:47+08:00 ] ::1 /think04/Home/Plan/pl_ajaxName.html?id=9
INFO: [ app_begin ] --START--
INFO: Run Behavior\ReadHtmlCacheBehavior [ RunTime:0.001993s ]
INFO: [ app_begin ] --END-- [ RunTime:0.002906s ]
SQL: SHOW COLUMNS FROM `ju_lesson` [ RunTime:0.005627s ]
SQL: SELECT * FROM `ju_lesson` WHERE ( `pl_id` = 9 )  [ RunTime:0.000324s ]

[ 2015-11-16T20:04:20+08:00 ] ::1 /think04/Home/Plan/pl_ajaxName.html?id=9
INFO: [ app_begin ] --START--
INFO: Run Behavior\ReadHtmlCacheBehavior [ RunTime:0.001996s ]
INFO: [ app_begin ] --END-- [ RunTime:0.002965s ]
SQL: SHOW COLUMNS FROM `ju_lesson` [ RunTime:0.017088s ]
SQL: SELECT * FROM `ju_lesson` WHERE ( `pl_id` = 9 )  [ RunTime:0.000817s ]

[ 2015-11-16T20:04:21+08:00 ] ::1 /think04/Home/Plan/pl_ajaxName.html?id=10
INFO: [ app_begin ] --START--
INFO: Run Behavior\ReadHtmlCacheBehavior [ RunTime:0.001529s ]
INFO: [ app_begin ] --END-- [ RunTime:0.002288s ]
SQL: SHOW COLUMNS FROM `ju_lesson` [ RunTime:0.005947s ]
SQL: SELECT * FROM `ju_lesson` WHERE ( `pl_id` = 10 )  [ RunTime:0.000358s ]

[ 2015-11-16T20:04:24+08:00 ] ::1 /think04/Home/Plan/pl_ajaxName.html?id=9
INFO: [ app_begin ] --START--
INFO: Run Behavior\ReadHtmlCacheBehavior [ RunTime:0.001429s ]
INFO: [ app_begin ] --END-- [ RunTime:0.002169s ]
SQL: SHOW COLUMNS FROM `ju_lesson` [ RunTime:0.021960s ]
SQL: SELECT * FROM `ju_lesson` WHERE ( `pl_id` = 9 )  [ RunTime:0.001260s ]

[ 2015-11-16T20:04:25+08:00 ] ::1 /think04/Home/Plan/pl_ajaxName.html?id=10
INFO: [ app_begin ] --START--
INFO: Run Behavior\ReadHtmlCacheBehavior [ RunTime:0.001502s ]
INFO: [ app_begin ] --END-- [ RunTime:0.002270s ]
SQL: SHOW COLUMNS FROM `ju_lesson` [ RunTime:0.006169s ]
SQL: SELECT * FROM `ju_lesson` WHERE ( `pl_id` = 10 )  [ RunTime:0.000400s ]

[ 2015-11-16T20:04:30+08:00 ] ::1 /think04/Home/Plan/pl_ajaxName.html?id=9
INFO: [ app_begin ] --START--
INFO: Run Behavior\ReadHtmlCacheBehavior [ RunTime:0.001351s ]
INFO: [ app_begin ] --END-- [ RunTime:0.002142s ]
SQL: SHOW COLUMNS FROM `ju_lesson` [ RunTime:0.028897s ]
SQL: SELECT * FROM `ju_lesson` WHERE ( `pl_id` = 9 )  [ RunTime:0.000924s ]

[ 2015-11-16T20:04:31+08:00 ] ::1 /think04/Home/Plan/pl_ajaxName.html?id=10
INFO: [ app_begin ] --START--
INFO: Run Behavior\ReadHtmlCacheBehavior [ RunTime:0.001834s ]
INFO: [ app_begin ] --END-- [ RunTime:0.002709s ]
SQL: SHOW COLUMNS FROM `ju_lesson` [ RunTime:0.017063s ]
SQL: SELECT * FROM `ju_lesson` WHERE ( `pl_id` = 10 )  [ RunTime:0.000848s ]

[ 2015-11-16T20:04:48+08:00 ] ::1 /think04/Home/Plan/pl_ajaxName.html?id=9
INFO: [ app_begin ] --START--
INFO: Run Behavior\ReadHtmlCacheBehavior [ RunTime:0.001348s ]
INFO: [ app_begin ] --END-- [ RunTime:0.002074s ]
SQL: SHOW COLUMNS FROM `ju_lesson` [ RunTime:0.022112s ]
SQL: SELECT * FROM `ju_lesson` WHERE ( `pl_id` = 9 )  [ RunTime:0.001156s ]

[ 2015-11-16T20:04:48+08:00 ] ::1 /think04/Home/Plan/pl_ajaxName.html?id=10
INFO: [ app_begin ] --START--
INFO: Run Behavior\ReadHtmlCacheBehavior [ RunTime:0.001319s ]
INFO: [ app_begin ] --END-- [ RunTime:0.001993s ]
SQL: SHOW COLUMNS FROM `ju_lesson` [ RunTime:0.026881s ]
SQL: SELECT * FROM `ju_lesson` WHERE ( `pl_id` = 10 )  [ RunTime:0.000769s ]

[ 2015-11-16T20:05:39+08:00 ] ::1 /think04/Home/Plan/pl_ajaxName.html?id=9
INFO: [ app_begin ] --START--
INFO: Run Behavior\ReadHtmlCacheBehavior [ RunTime:0.002047s ]
INFO: [ app_begin ] --END-- [ RunTime:0.002945s ]
SQL: SHOW COLUMNS FROM `ju_lesson` [ RunTime:0.006297s ]
SQL: SELECT * FROM `ju_lesson` WHERE ( `pl_id` = 9 )  [ RunTime:0.000356s ]

[ 2015-11-16T20:05:40+08:00 ] ::1 /think04/Home/Plan/pl_ajaxName.html?id=11
INFO: [ app_begin ] --START--
INFO: Run Behavior\ReadHtmlCacheBehavior [ RunTime:0.001471s ]
INFO: [ app_begin ] --END-- [ RunTime:0.002175s ]
SQL: SHOW COLUMNS FROM `ju_lesson` [ RunTime:0.005872s ]
SQL: SELECT * FROM `ju_lesson` WHERE ( `pl_id` = 11 )  [ RunTime:0.000347s ]

[ 2015-11-16T20:07:21+08:00 ] ::1 /think04/Home/Plan/pl_ajaxName.html?id=9
INFO: [ app_begin ] --START--
INFO: Run Behavior\ReadHtmlCacheBehavior [ RunTime:0.002231s ]
INFO: [ app_begin ] --END-- [ RunTime:0.003282s ]
SQL: SHOW COLUMNS FROM `ju_lesson` [ RunTime:0.005807s ]
SQL: SELECT * FROM `ju_lesson` WHERE ( `pl_id` = 9 )  [ RunTime:0.000342s ]

[ 2015-11-16T20:07:23+08:00 ] ::1 /think04/Home/Plan/pl_ajaxName.html?id=11
INFO: [ app_begin ] --START--
INFO: Run Behavior\ReadHtmlCacheBehavior [ RunTime:0.001381s ]
INFO: [ app_begin ] --END-- [ RunTime:0.002081s ]
SQL: SHOW COLUMNS FROM `ju_lesson` [ RunTime:0.006212s ]
SQL: SELECT * FROM `ju_lesson` WHERE ( `pl_id` = 11 )  [ RunTime:0.000308s ]

[ 2015-11-16T20:07:26+08:00 ] ::1 /think04/Home/Plan/pl_ajaxName.html?id=9
INFO: [ app_begin ] --START--
INFO: Run Behavior\ReadHtmlCacheBehavior [ RunTime:0.001401s ]
INFO: [ app_begin ] --END-- [ RunTime:0.002129s ]
SQL: SHOW COLUMNS FROM `ju_lesson` [ RunTime:0.021941s ]
SQL: SELECT * FROM `ju_lesson` WHERE ( `pl_id` = 9 )  [ RunTime:0.001081s ]

[ 2015-11-16T20:07:27+08:00 ] ::1 /think04/Home/Plan/pl_ajaxName.html?id=10
INFO: [ app_begin ] --START--
INFO: Run Behavior\ReadHtmlCacheBehavior [ RunTime:0.001835s ]
INFO: [ app_begin ] --END-- [ RunTime:0.002548s ]
SQL: SHOW COLUMNS FROM `ju_lesson` [ RunTime:0.006256s ]
SQL: SELECT * FROM `ju_lesson` WHERE ( `pl_id` = 10 )  [ RunTime:0.000356s ]

[ 2015-11-16T20:07:29+08:00 ] ::1 /think04/Home/Plan/pl_ajaxName.html?id=11
INFO: [ app_begin ] --START--
INFO: Run Behavior\ReadHtmlCacheBehavior [ RunTime:0.001453s ]
INFO: [ app_begin ] --END-- [ RunTime:0.002163s ]
SQL: SHOW COLUMNS FROM `ju_lesson` [ RunTime:0.022218s ]
SQL: SELECT * FROM `ju_lesson` WHERE ( `pl_id` = 11 )  [ RunTime:0.001270s ]

[ 2015-11-16T20:07:49+08:00 ] ::1 /think04/Home/Plan/pl_ajaxName.html?id=9
INFO: [ app_begin ] --START--
INFO: Run Behavior\ReadHtmlCacheBehavior [ RunTime:0.001537s ]
INFO: [ app_begin ] --END-- [ RunTime:0.002314s ]
SQL: SHOW COLUMNS FROM `ju_lesson` [ RunTime:0.005986s ]
SQL: SELECT * FROM `ju_lesson` WHERE ( `pl_id` = 9 )  [ RunTime:0.000304s ]

[ 2015-11-16T20:07:50+08:00 ] ::1 /think04/Home/Plan/pl_ajaxName.html?id=10
INFO: [ app_begin ] --START--
INFO: Run Behavior\ReadHtmlCacheBehavior [ RunTime:0.001371s ]
INFO: [ app_begin ] --END-- [ RunTime:0.002039s ]
SQL: SHOW COLUMNS FROM `ju_lesson` [ RunTime:0.006007s ]
SQL: SELECT * FROM `ju_lesson` WHERE ( `pl_id` = 10 )  [ RunTime:0.000360s ]

[ 2015-11-16T20:07:51+08:00 ] ::1 /think04/Home/Plan/pl_ajaxName.html?id=9
INFO: [ app_begin ] --START--
INFO: Run Behavior\ReadHtmlCacheBehavior [ RunTime:0.001444s ]
INFO: [ app_begin ] --END-- [ RunTime:0.002200s ]
SQL: SHOW COLUMNS FROM `ju_lesson` [ RunTime:0.021073s ]
SQL: SELECT * FROM `ju_lesson` WHERE ( `pl_id` = 9 )  [ RunTime:0.000521s ]

[ 2015-11-16T20:07:53+08:00 ] ::1 /think04/Home/Plan/pl_ajaxName.html?id=11
INFO: [ app_begin ] --START--
INFO: Run Behavior\ReadHtmlCacheBehavior [ RunTime:0.001477s ]
INFO: [ app_begin ] --END-- [ RunTime:0.002206s ]
SQL: SHOW COLUMNS FROM `ju_lesson` [ RunTime:0.006361s ]
SQL: SELECT * FROM `ju_lesson` WHERE ( `pl_id` = 11 )  [ RunTime:0.000338s ]

[ 2015-11-16T20:14:42+08:00 ] ::1 /think04/Home/Plan/pl_ajaxName.html?id=9
INFO: [ app_begin ] --START--
INFO: Run Behavior\ReadHtmlCacheBehavior [ RunTime:0.002061s ]
INFO: [ app_begin ] --END-- [ RunTime:0.002948s ]
SQL: SHOW COLUMNS FROM `ju_lesson` [ RunTime:0.022424s ]
SQL: SELECT * FROM `ju_lesson` WHERE ( `pl_id` = 9 )  [ RunTime:0.001128s ]

[ 2015-11-16T20:17:48+08:00 ] ::1 /think04/Home/View/xi_ajaxName.html?id=5
INFO: [ app_begin ] --START--
INFO: Run Behavior\ReadHtmlCacheBehavior [ RunTime:0.003323s ]
INFO: [ app_begin ] --END-- [ RunTime:0.004502s ]
SQL: SHOW COLUMNS FROM `ju_zizhang` [ RunTime:0.752380s ]
SQL: SELECT `id`,`xi_name`,`video_id` FROM `ju_zizhang` WHERE ( `zh_id` = 5 ) ORDER BY id desc  [ RunTime:0.001432s ]

[ 2015-11-16T20:17:50+08:00 ] ::1 /think04/Home/View/xi_ajaxName.html?id=13
INFO: [ app_begin ] --START--
INFO: Run Behavior\ReadHtmlCacheBehavior [ RunTime:0.001508s ]
INFO: [ app_begin ] --END-- [ RunTime:0.002269s ]
SQL: SHOW COLUMNS FROM `ju_zizhang` [ RunTime:0.025344s ]
SQL: SELECT `id`,`xi_name`,`video_id` FROM `ju_zizhang` WHERE ( `zh_id` = 13 ) ORDER BY id desc  [ RunTime:0.000590s ]

[ 2015-11-16T20:17:51+08:00 ] ::1 /think04/Home/View/xi_ajaxName.html?id=5
INFO: [ app_begin ] --START--
INFO: Run Behavior\ReadHtmlCacheBehavior [ RunTime:0.002012s ]
INFO: [ app_begin ] --END-- [ RunTime:0.003073s ]
SQL: SHOW COLUMNS FROM `ju_zizhang` [ RunTime:0.006885s ]
SQL: SELECT `id`,`xi_name`,`video_id` FROM `ju_zizhang` WHERE ( `zh_id` = 5 ) ORDER BY id desc  [ RunTime:0.000350s ]

[ 2015-11-16T20:17:52+08:00 ] ::1 /think04/Home/View/xi_ajaxName.html?id=13
INFO: [ app_begin ] --START--
INFO: Run Behavior\ReadHtmlCacheBehavior [ RunTime:0.001530s ]
INFO: [ app_begin ] --END-- [ RunTime:0.002264s ]
SQL: SHOW COLUMNS FROM `ju_zizhang` [ RunTime:0.018777s ]
SQL: SELECT `id`,`xi_name`,`video_id` FROM `ju_zizhang` WHERE ( `zh_id` = 13 ) ORDER BY id desc  [ RunTime:0.000820s ]

[ 2015-11-16T20:24:47+08:00 ] ::1 /think04/
ERR: 无法加载控制器:Index

[ 2015-11-16T20:24:58+08:00 ] ::1 /think04/home/%E6%85%95%E8%AF%BE%E7%BD%91-%E5%AD%A6%E4%B9%A0%E8%AE%A1%E5%88%92_files/h.js
ERR: 无法加载控制器:慕课网-学习计划_files

[ 2015-11-16T20:24:58+08:00 ] ::1 /think04/home/%E6%85%95%E8%AF%BE%E7%BD%91-%E5%AD%A6%E4%B9%A0%E8%AE%A1%E5%88%92_files/sea.js
ERR: 无法加载控制器:慕课网-学习计划_files

[ 2015-11-16T20:24:58+08:00 ] ::1 /think04/home/%E6%85%95%E8%AF%BE%E7%BD%91-%E5%AD%A6%E4%B9%A0%E8%AE%A1%E5%88%92_files/ssologin.js
ERR: 无法加载控制器:慕课网-学习计划_files

[ 2015-11-16T20:24:58+08:00 ] ::1 /think04/home/%E6%85%95%E8%AF%BE%E7%BD%91-%E5%AD%A6%E4%B9%A0%E8%AE%A1%E5%88%92_files/sea_config.js
ERR: 无法加载控制器:慕课网-学习计划_files

[ 2015-11-16T20:25:02+08:00 ] ::1 /think04/Home/Plan/pl_ajaxName.html?id=9
INFO: [ app_begin ] --START--
INFO: Run Behavior\ReadHtmlCacheBehavior [ RunTime:0.001336s ]
INFO: [ app_begin ] --END-- [ RunTime:0.002066s ]
SQL: SHOW COLUMNS FROM `ju_lesson` [ RunTime:0.006029s ]
SQL: SHOW COLUMNS FROM `ju_fenimg` [ RunTime:0.006536s ]
SQL: SELECT * FROM `ju_lesson` WHERE ( `pl_id` = 9 )  [ RunTime:0.000347s ]
SQL: SELECT `name` FROM `ju_fenimg` WHERE ( `lesson_id` = 5 ) LIMIT 1   [ RunTime:0.000179s ]
SQL: SELECT `name` FROM `ju_fenimg` WHERE ( `lesson_id` = 6 ) LIMIT 1   [ RunTime:0.000171s ]

[ 2015-11-16T20:25:05+08:00 ] ::1 /think04/Home/Plan/pl_ajaxName.html?id=10
INFO: [ app_begin ] --START--
INFO: Run Behavior\ReadHtmlCacheBehavior [ RunTime:0.001510s ]
INFO: [ app_begin ] --END-- [ RunTime:0.002251s ]
SQL: SHOW COLUMNS FROM `ju_lesson` [ RunTime:0.019008s ]
SQL: SHOW COLUMNS FROM `ju_fenimg` [ RunTime:0.019041s ]
SQL: SELECT * FROM `ju_lesson` WHERE ( `pl_id` = 10 )  [ RunTime:0.000960s ]
SQL: SELECT `name` FROM `ju_fenimg` WHERE ( `lesson_id` = 7 ) LIMIT 1   [ RunTime:0.000682s ]
SQL: SELECT `name` FROM `ju_fenimg` WHERE ( `lesson_id` = 8 ) LIMIT 1   [ RunTime:0.000587s ]

[ 2015-11-16T20:25:06+08:00 ] ::1 /think04/Home/Plan/pl_ajaxName.html?id=9
INFO: [ app_begin ] --START--
INFO: Run Behavior\ReadHtmlCacheBehavior [ RunTime:0.001512s ]
INFO: [ app_begin ] --END-- [ RunTime:0.002266s ]
SQL: SHOW COLUMNS FROM `ju_lesson` [ RunTime:0.006369s ]
SQL: SHOW COLUMNS FROM `ju_fenimg` [ RunTime:0.006047s ]
SQL: SELECT * FROM `ju_lesson` WHERE ( `pl_id` = 9 )  [ RunTime:0.000474s ]
SQL: SELECT `name` FROM `ju_fenimg` WHERE ( `lesson_id` = 5 ) LIMIT 1   [ RunTime:0.000265s ]
SQL: SELECT `name` FROM `ju_fenimg` WHERE ( `lesson_id` = 6 ) LIMIT 1   [ RunTime:0.000190s ]

[ 2015-11-16T20:25:08+08:00 ] ::1 /think04/Home/Plan/pl_ajaxName.html?id=11
INFO: [ app_begin ] --START--
INFO: Run Behavior\ReadHtmlCacheBehavior [ RunTime:0.001545s ]
INFO: [ app_begin ] --END-- [ RunTime:0.002288s ]
SQL: SHOW COLUMNS FROM `ju_lesson` [ RunTime:0.020175s ]
SQL: SHOW COLUMNS FROM `ju_fenimg` [ RunTime:0.017909s ]
SQL: SELECT * FROM `ju_lesson` WHERE ( `pl_id` = 11 )  [ RunTime:0.000985s ]
SQL: SELECT `name` FROM `ju_fenimg` WHERE ( `lesson_id` = 9 ) LIMIT 1   [ RunTime:0.000581s ]
SQL: SELECT `name` FROM `ju_fenimg` WHERE ( `lesson_id` = 10 ) LIMIT 1   [ RunTime:0.000666s ]

[ 2015-11-16T20:25:11+08:00 ] ::1 /think04/Home/Plan/pl_ajaxName.html?id=9
INFO: [ app_begin ] --START--
INFO: Run Behavior\ReadHtmlCacheBehavior [ RunTime:0.001516s ]
INFO: [ app_begin ] --END-- [ RunTime:0.002279s ]
SQL: SHOW COLUMNS FROM `ju_lesson` [ RunTime:0.006369s ]
SQL: SHOW COLUMNS FROM `ju_fenimg` [ RunTime:0.005747s ]
SQL: SELECT * FROM `ju_lesson` WHERE ( `pl_id` = 9 )  [ RunTime:0.000448s ]
SQL: SELECT `name` FROM `ju_fenimg` WHERE ( `lesson_id` = 5 ) LIMIT 1   [ RunTime:0.000202s ]
SQL: SELECT `name` FROM `ju_fenimg` WHERE ( `lesson_id` = 6 ) LIMIT 1   [ RunTime:0.000169s ]

[ 2015-11-16T20:25:20+08:00 ] ::1 /think04/Home/Plan/pl_ajaxName.html?id=11
INFO: [ app_begin ] --START--
INFO: Run Behavior\ReadHtmlCacheBehavior [ RunTime:0.001614s ]
INFO: [ app_begin ] --END-- [ RunTime:0.002396s ]
SQL: SHOW COLUMNS FROM `ju_lesson` [ RunTime:0.007217s ]
SQL: SHOW COLUMNS FROM `ju_fenimg` [ RunTime:0.006992s ]
SQL: SELECT * FROM `ju_lesson` WHERE ( `pl_id` = 11 )  [ RunTime:0.000366s ]
SQL: SELECT `name` FROM `ju_fenimg` WHERE ( `lesson_id` = 9 ) LIMIT 1   [ RunTime:0.000226s ]
SQL: SELECT `name` FROM `ju_fenimg` WHERE ( `lesson_id` = 10 ) LIMIT 1   [ RunTime:0.000201s ]

[ 2015-11-16T20:25:23+08:00 ] ::1 /think04/Home/Plan/pl_ajaxName.html?id=13
INFO: [ app_begin ] --START--
INFO: Run Behavior\ReadHtmlCacheBehavior [ RunTime:0.001409s ]
INFO: [ app_begin ] --END-- [ RunTime:0.002110s ]
SQL: SHOW COLUMNS FROM `ju_lesson` [ RunTime:0.006116s ]
SQL: SHOW COLUMNS FROM `ju_fenimg` [ RunTime:0.005778s ]
SQL: SELECT * FROM `ju_lesson` WHERE ( `pl_id` = 13 )  [ RunTime:0.000326s ]
NOTIC: [2] Invalid argument supplied for foreach() C:\wamp\www\think04\App\Home\Controller\PlanController.class.php 第 50 行.

[ 2015-11-16T20:25:24+08:00 ] ::1 /think04/Home/Plan/pl_ajaxName.html?id=9
INFO: [ app_begin ] --START--
INFO: Run Behavior\ReadHtmlCacheBehavior [ RunTime:0.001368s ]
INFO: [ app_begin ] --END-- [ RunTime:0.002061s ]
SQL: SHOW COLUMNS FROM `ju_lesson` [ RunTime:0.006362s ]
SQL: SHOW COLUMNS FROM `ju_fenimg` [ RunTime:0.006148s ]
SQL: SELECT * FROM `ju_lesson` WHERE ( `pl_id` = 9 )  [ RunTime:0.000338s ]
SQL: SELECT `name` FROM `ju_fenimg` WHERE ( `lesson_id` = 5 ) LIMIT 1   [ RunTime:0.000192s ]
SQL: SELECT `name` FROM `ju_fenimg` WHERE ( `lesson_id` = 6 ) LIMIT 1   [ RunTime:0.000173s ]

[ 2015-11-16T20:25:26+08:00 ] ::1 /think04/Home/Plan/pl_ajaxName.html?id=11
INFO: [ app_begin ] --START--
INFO: Run Behavior\ReadHtmlCacheBehavior [ RunTime:0.002181s ]
INFO: [ app_begin ] --END-- [ RunTime:0.003238s ]
SQL: SHOW COLUMNS FROM `ju_lesson` [ RunTime:0.033628s ]
SQL: SHOW COLUMNS FROM `ju_fenimg` [ RunTime:0.018765s ]
SQL: SELECT * FROM `ju_lesson` WHERE ( `pl_id` = 11 )  [ RunTime:0.000562s ]
SQL: SELECT `name` FROM `ju_fenimg` WHERE ( `lesson_id` = 9 ) LIMIT 1   [ RunTime:0.000398s ]
SQL: SELECT `name` FROM `ju_fenimg` WHERE ( `lesson_id` = 10 ) LIMIT 1   [ RunTime:0.000358s ]

[ 2015-11-16T20:25:38+08:00 ] ::1 /think04/Home/Plan/pl_ajaxName.html?id=9
INFO: [ app_begin ] --START--
INFO: Run Behavior\ReadHtmlCacheBehavior [ RunTime:0.001493s ]
INFO: [ app_begin ] --END-- [ RunTime:0.002270s ]
SQL: SHOW COLUMNS FROM `ju_lesson` [ RunTime:0.007397s ]
SQL: SHOW COLUMNS FROM `ju_fenimg` [ RunTime:0.006178s ]
SQL: SELECT * FROM `ju_lesson` WHERE ( `pl_id` = 9 )  [ RunTime:0.000343s ]
SQL: SELECT `name` FROM `ju_fenimg` WHERE ( `lesson_id` = 5 ) LIMIT 1   [ RunTime:0.000268s ]
SQL: SELECT `name` FROM `ju_fenimg` WHERE ( `lesson_id` = 6 ) LIMIT 1   [ RunTime:0.000189s ]

[ 2015-11-16T20:25:39+08:00 ] ::1 /think04/Home/Plan/pl_ajaxName.html?id=10
INFO: [ app_begin ] --START--
INFO: Run Behavior\ReadHtmlCacheBehavior [ RunTime:0.001451s ]
INFO: [ app_begin ] --END-- [ RunTime:0.002204s ]
SQL: SHOW COLUMNS FROM `ju_lesson` [ RunTime:0.006000s ]
SQL: SHOW COLUMNS FROM `ju_fenimg` [ RunTime:0.007017s ]
SQL: SELECT * FROM `ju_lesson` WHERE ( `pl_id` = 10 )  [ RunTime:0.000392s ]
SQL: SELECT `name` FROM `ju_fenimg` WHERE ( `lesson_id` = 7 ) LIMIT 1   [ RunTime:0.000177s ]
SQL: SELECT `name` FROM `ju_fenimg` WHERE ( `lesson_id` = 8 ) LIMIT 1   [ RunTime:0.000216s ]

[ 2015-11-16T20:25:40+08:00 ] ::1 /think04/Home/Plan/pl_ajaxName.html?id=9
INFO: [ app_begin ] --START--
INFO: Run Behavior\ReadHtmlCacheBehavior [ RunTime:0.001504s ]
INFO: [ app_begin ] --END-- [ RunTime:0.002245s ]
SQL: SHOW COLUMNS FROM `ju_lesson` [ RunTime:0.005769s ]
SQL: SHOW COLUMNS FROM `ju_fenimg` [ RunTime:0.006563s ]
SQL: SELECT * FROM `ju_lesson` WHERE ( `pl_id` = 9 )  [ RunTime:0.000307s ]
SQL: SELECT `name` FROM `ju_fenimg` WHERE ( `lesson_id` = 5 ) LIMIT 1   [ RunTime:0.000161s ]
SQL: SELECT `name` FROM `ju_fenimg` WHERE ( `lesson_id` = 6 ) LIMIT 1   [ RunTime:0.000147s ]

[ 2015-11-16T20:25:41+08:00 ] ::1 /think04/Home/Plan/pl_ajaxName.html?id=10
INFO: [ app_begin ] --START--
INFO: Run Behavior\ReadHtmlCacheBehavior [ RunTime:0.001375s ]
INFO: [ app_begin ] --END-- [ RunTime:0.002095s ]
SQL: SHOW COLUMNS FROM `ju_lesson` [ RunTime:0.006201s ]
SQL: SHOW COLUMNS FROM `ju_fenimg` [ RunTime:0.006058s ]
SQL: SELECT * FROM `ju_lesson` WHERE ( `pl_id` = 10 )  [ RunTime:0.000395s ]
SQL: SELECT `name` FROM `ju_fenimg` WHERE ( `lesson_id` = 7 ) LIMIT 1   [ RunTime:0.000195s ]
SQL: SELECT `name` FROM `ju_fenimg` WHERE ( `lesson_id` = 8 ) LIMIT 1   [ RunTime:0.000171s ]

[ 2015-11-16T20:25:42+08:00 ] ::1 /think04/Home/Plan/pl_ajaxName.html?id=9
INFO: [ app_begin ] --START--
INFO: Run Behavior\ReadHtmlCacheBehavior [ RunTime:0.001473s ]
INFO: [ app_begin ] --END-- [ RunTime:0.002152s ]
SQL: SHOW COLUMNS FROM `ju_lesson` [ RunTime:0.023197s ]
SQL: SHOW COLUMNS FROM `ju_fenimg` [ RunTime:0.015669s ]
SQL: SELECT * FROM `ju_lesson` WHERE ( `pl_id` = 9 )  [ RunTime:0.000537s ]
SQL: SELECT `name` FROM `ju_fenimg` WHERE ( `lesson_id` = 5 ) LIMIT 1   [ RunTime:0.000416s ]
SQL: SELECT `name` FROM `ju_fenimg` WHERE ( `lesson_id` = 6 ) LIMIT 1   [ RunTime:0.000336s ]

[ 2015-11-16T20:26:22+08:00 ] ::1 /think04/Home/Plan/pl_ajaxName.html?id=9
INFO: [ app_begin ] --START--
INFO: Run Behavior\ReadHtmlCacheBehavior [ RunTime:0.001339s ]
INFO: [ app_begin ] --END-- [ RunTime:0.002018s ]
SQL: SHOW COLUMNS FROM `ju_lesson` [ RunTime:0.006076s ]
SQL: SHOW COLUMNS FROM `ju_fenimg` [ RunTime:0.006001s ]
SQL: SELECT * FROM `ju_lesson` WHERE ( `pl_id` = 9 )  [ RunTime:0.000365s ]
SQL: SELECT `name` FROM `ju_fenimg` WHERE ( `lesson_id` = 5 ) LIMIT 1   [ RunTime:0.000204s ]
SQL: SELECT `name` FROM `ju_fenimg` WHERE ( `lesson_id` = 6 ) LIMIT 1   [ RunTime:0.000197s ]

[ 2015-11-16T20:31:57+08:00 ] ::1 /think04/Home/Plan/pl_ajaxName.html?id=9
INFO: [ app_begin ] --START--
INFO: Run Behavior\ReadHtmlCacheBehavior [ RunTime:0.001358s ]
INFO: [ app_begin ] --END-- [ RunTime:0.002069s ]
SQL: SHOW COLUMNS FROM `ju_lesson` [ RunTime:0.006542s ]
SQL: SHOW COLUMNS FROM `ju_fenimg` [ RunTime:0.005998s ]
SQL: SELECT * FROM `ju_lesson` WHERE ( `pl_id` = 9 )  [ RunTime:0.000371s ]
SQL: SELECT `name` FROM `ju_fenimg` WHERE ( `lesson_id` = 5 ) LIMIT 1   [ RunTime:0.000219s ]
SQL: SELECT `name` FROM `ju_fenimg` WHERE ( `lesson_id` = 6 ) LIMIT 1   [ RunTime:0.000191s ]

[ 2015-11-16T20:31:58+08:00 ] ::1 /think04/Home/Plan/pl_ajaxName.html?id=10
INFO: [ app_begin ] --START--
INFO: Run Behavior\ReadHtmlCacheBehavior [ RunTime:0.001344s ]
INFO: [ app_begin ] --END-- [ RunTime:0.002049s ]
SQL: SHOW COLUMNS FROM `ju_lesson` [ RunTime:0.018357s ]
SQL: SHOW COLUMNS FROM `ju_fenimg` [ RunTime:0.011060s ]
SQL: SELECT * FROM `ju_lesson` WHERE ( `pl_id` = 10 )  [ RunTime:0.000712s ]
SQL: SELECT `name` FROM `ju_fenimg` WHERE ( `lesson_id` = 7 ) LIMIT 1   [ RunTime:0.000337s ]
SQL: SELECT `name` FROM `ju_fenimg` WHERE ( `lesson_id` = 8 ) LIMIT 1   [ RunTime:0.000337s ]

[ 2015-11-16T20:32:00+08:00 ] ::1 /think04/Home/Plan/pl_ajaxName.html?id=9
INFO: [ app_begin ] --START--
INFO: Run Behavior\ReadHtmlCacheBehavior [ RunTime:0.001405s ]
INFO: [ app_begin ] --END-- [ RunTime:0.002159s ]
SQL: SHOW COLUMNS FROM `ju_lesson` [ RunTime:0.021198s ]
SQL: SHOW COLUMNS FROM `ju_fenimg` [ RunTime:0.017095s ]
SQL: SELECT * FROM `ju_lesson` WHERE ( `pl_id` = 9 )  [ RunTime:0.000840s ]
SQL: SELECT `name` FROM `ju_fenimg` WHERE ( `lesson_id` = 5 ) LIMIT 1   [ RunTime:0.000628s ]
SQL: SELECT `name` FROM `ju_fenimg` WHERE ( `lesson_id` = 6 ) LIMIT 1   [ RunTime:0.000572s ]

[ 2015-11-16T20:32:00+08:00 ] ::1 /think04/Home/Plan/pl_ajaxName.html?id=10
INFO: [ app_begin ] --START--
INFO: Run Behavior\ReadHtmlCacheBehavior [ RunTime:0.001555s ]
INFO: [ app_begin ] --END-- [ RunTime:0.002297s ]
SQL: SHOW COLUMNS FROM `ju_lesson` [ RunTime:0.006325s ]
SQL: SHOW COLUMNS FROM `ju_fenimg` [ RunTime:0.006104s ]
SQL: SELECT * FROM `ju_lesson` WHERE ( `pl_id` = 10 )  [ RunTime:0.000366s ]
SQL: SELECT `name` FROM `ju_fenimg` WHERE ( `lesson_id` = 7 ) LIMIT 1   [ RunTime:0.000198s ]
SQL: SELECT `name` FROM `ju_fenimg` WHERE ( `lesson_id` = 8 ) LIMIT 1   [ RunTime:0.000216s ]

[ 2015-11-16T20:32:02+08:00 ] ::1 /think04/Home/Plan/pl_ajaxName.html?id=11
INFO: [ app_begin ] --START--
INFO: Run Behavior\ReadHtmlCacheBehavior [ RunTime:0.001498s ]
INFO: [ app_begin ] --END-- [ RunTime:0.002255s ]
SQL: SHOW COLUMNS FROM `ju_lesson` [ RunTime:0.029001s ]
SQL: SHOW COLUMNS FROM `ju_fenimg` [ RunTime:0.016512s ]
SQL: SELECT * FROM `ju_lesson` WHERE ( `pl_id` = 11 )  [ RunTime:0.000900s ]
SQL: SELECT `name` FROM `ju_fenimg` WHERE ( `lesson_id` = 9 ) LIMIT 1   [ RunTime:0.000701s ]
SQL: SELECT `name` FROM `ju_fenimg` WHERE ( `lesson_id` = 10 ) LIMIT 1   [ RunTime:0.000692s ]

[ 2015-11-16T20:32:04+08:00 ] ::1 /think04/Home/Plan/pl_ajaxName.html?id=9
INFO: [ app_begin ] --START--
INFO: Run Behavior\ReadHtmlCacheBehavior [ RunTime:0.001328s ]
INFO: [ app_begin ] --END-- [ RunTime:0.002041s ]
SQL: SHOW COLUMNS FROM `ju_lesson` [ RunTime:0.020171s ]
SQL: SHOW COLUMNS FROM `ju_fenimg` [ RunTime:0.010616s ]
SQL: SELECT * FROM `ju_lesson` WHERE ( `pl_id` = 9 )  [ RunTime:0.000582s ]
SQL: SELECT `name` FROM `ju_fenimg` WHERE ( `lesson_id` = 5 ) LIMIT 1   [ RunTime:0.000399s ]
SQL: SELECT `name` FROM `ju_fenimg` WHERE ( `lesson_id` = 6 ) LIMIT 1   [ RunTime:0.000410s ]

[ 2015-11-16T20:32:06+08:00 ] ::1 /think04/Home/Plan/pl_ajaxName.html?id=10
INFO: [ app_begin ] --START--
INFO: Run Behavior\ReadHtmlCacheBehavior [ RunTime:0.001441s ]
INFO: [ app_begin ] --END-- [ RunTime:0.002231s ]
SQL: SHOW COLUMNS FROM `ju_lesson` [ RunTime:0.023442s ]
SQL: SHOW COLUMNS FROM `ju_fenimg` [ RunTime:0.016687s ]
SQL: SELECT * FROM `ju_lesson` WHERE ( `pl_id` = 10 )  [ RunTime:0.000576s ]
SQL: SELECT `name` FROM `ju_fenimg` WHERE ( `lesson_id` = 7 ) LIMIT 1   [ RunTime:0.000400s ]
SQL: SELECT `name` FROM `ju_fenimg` WHERE ( `lesson_id` = 8 ) LIMIT 1   [ RunTime:0.000313s ]

[ 2015-11-16T20:32:07+08:00 ] ::1 /think04/Home/Plan/pl_ajaxName.html?id=9
INFO: [ app_begin ] --START--
INFO: Run Behavior\ReadHtmlCacheBehavior [ RunTime:0.001506s ]
INFO: [ app_begin ] --END-- [ RunTime:0.002254s ]
SQL: SHOW COLUMNS FROM `ju_lesson` [ RunTime:0.006257s ]
SQL: SHOW COLUMNS FROM `ju_fenimg` [ RunTime:0.006080s ]
SQL: SELECT * FROM `ju_lesson` WHERE ( `pl_id` = 9 )  [ RunTime:0.000336s ]
SQL: SELECT `name` FROM `ju_fenimg` WHERE ( `lesson_id` = 5 ) LIMIT 1   [ RunTime:0.000180s ]
SQL: SELECT `name` FROM `ju_fenimg` WHERE ( `lesson_id` = 6 ) LIMIT 1   [ RunTime:0.000176s ]

[ 2015-11-16T21:52:58+08:00 ] ::1 /think04/
ERR: 无法加载控制器:Index

